{"/home/travis/build/npmtest/node-npmtest-node-webcl/test.js":{"path":"/home/travis/build/npmtest/node-npmtest-node-webcl/test.js","s":{"1":2,"2":2,"3":2,"4":2,"5":2,"6":2,"7":2,"8":1,"9":2,"10":2,"11":1,"12":1,"13":1,"14":1,"15":2,"16":2,"17":2,"18":2,"19":1,"20":1,"21":2,"22":2,"23":2,"24":1,"25":1,"26":1,"27":1,"28":1,"29":1,"30":1,"31":1,"32":1,"33":1,"34":1,"35":1,"36":1,"37":1,"38":1,"39":2,"40":2,"41":1,"42":2,"43":2,"44":1,"45":2,"46":2,"47":1,"48":2,"49":2,"50":1,"51":1,"52":1,"53":1,"54":1},"b":{"1":[2,1,1,1],"2":[1,1,1,1],"3":[1,1],"4":[1,1],"5":[1,1],"6":[1,1],"7":[1,1],"8":[1,1],"9":[1,1],"10":[1,1,1],"11":[1,1],"12":[1,1],"13":[1,1],"14":[1,1],"15":[1,1],"16":[1,1],"17":[1,1]},"f":{"1":2,"2":2,"3":2,"4":2,"5":2,"6":1,"7":1,"8":1,"9":2,"10":2,"11":2,"12":2,"13":1},"fnMap":{"1":{"name":"(anonymous_1)","line":12,"loc":{"start":{"line":12,"column":1},"end":{"line":12,"column":13}}},"2":{"name":"(anonymous_2)","line":19,"loc":{"start":{"line":19,"column":5},"end":{"line":19,"column":17}}},"3":{"name":"(anonymous_3)","line":23,"loc":{"start":{"line":23,"column":24},"end":{"line":23,"column":36}}},"4":{"name":"(anonymous_4)","line":61,"loc":{"start":{"line":61,"column":5},"end":{"line":61,"column":17}}},"5":{"name":"(anonymous_5)","line":82,"loc":{"start":{"line":82,"column":5},"end":{"line":82,"column":17}}},"6":{"name":"(anonymous_6)","line":91,"loc":{"start":{"line":91,"column":77},"end":{"line":94,"column":10}}},"7":{"name":"(anonymous_7)","line":112,"loc":{"start":{"line":112,"column":83},"end":{"line":115,"column":10}},"skip":true},"8":{"name":"(anonymous_8)","line":123,"loc":{"start":{"line":123,"column":77},"end":{"line":126,"column":10}},"skip":true},"9":{"name":"(anonymous_9)","line":139,"loc":{"start":{"line":139,"column":12},"end":{"line":139,"column":40}},"skip":true},"10":{"name":"(anonymous_10)","line":147,"loc":{"start":{"line":147,"column":77},"end":{"line":150,"column":10}},"skip":true},"11":{"name":"(anonymous_11)","line":158,"loc":{"start":{"line":158,"column":83},"end":{"line":161,"column":10}},"skip":true},"12":{"name":"(anonymous_12)","line":169,"loc":{"start":{"line":169,"column":79},"end":{"line":172,"column":10}},"skip":true},"13":{"name":"(anonymous_13)","line":180,"loc":{"start":{"line":180,"column":75},"end":{"line":183,"column":10}},"skip":true}},"statementMap":{"1":{"start":{"line":12,"column":0},"end":{"line":195,"column":5}},"2":{"start":{"line":14,"column":4},"end":{"line":14,"column":14}},"3":{"start":{"line":19,"column":4},"end":{"line":56,"column":9}},"4":{"start":{"line":21,"column":8},"end":{"line":21,"column":19}},"5":{"start":{"line":23,"column":8},"end":{"line":35,"column":13}},"6":{"start":{"line":24,"column":12},"end":{"line":34,"column":13}},"7":{"start":{"line":25,"column":16},"end":{"line":28,"column":30}},"8":{"start":{"line":30,"column":16},"end":{"line":33,"column":27}},"9":{"start":{"line":37,"column":8},"end":{"line":39,"column":21}},"10":{"start":{"line":40,"column":8},"end":{"line":53,"column":9}},"11":{"start":{"line":43,"column":12},"end":{"line":46,"column":14}},"12":{"start":{"line":47,"column":12},"end":{"line":47,"column":18}},"13":{"start":{"line":50,"column":12},"end":{"line":51,"column":46}},"14":{"start":{"line":52,"column":12},"end":{"line":52,"column":18}},"15":{"start":{"line":55,"column":8},"end":{"line":55,"column":35}},"16":{"start":{"line":61,"column":4},"end":{"line":63,"column":9}},"17":{"start":{"line":62,"column":8},"end":{"line":62,"column":15}},"18":{"start":{"line":64,"column":4},"end":{"line":77,"column":5}},"19":{"start":{"line":70,"column":8},"end":{"line":70,"column":14}},"20":{"start":{"line":76,"column":8},"end":{"line":76,"column":14}},"21":{"start":{"line":82,"column":4},"end":{"line":84,"column":9}},"22":{"start":{"line":83,"column":8},"end":{"line":83,"column":15}},"23":{"start":{"line":85,"column":4},"end":{"line":194,"column":5}},"24":{"start":{"line":91,"column":8},"end":{"line":99,"column":10}},"25":{"start":{"line":98,"column":12},"end":{"line":98,"column":35}},"26":{"start":{"line":102,"column":8},"end":{"line":104,"column":63}},"27":{"start":{"line":105,"column":8},"end":{"line":105,"column":14}},"28":{"start":{"line":112,"column":8},"end":{"line":121,"column":10},"skip":true},"29":{"start":{"line":119,"column":12},"end":{"line":119,"column":55},"skip":true},"30":{"start":{"line":120,"column":12},"end":{"line":120,"column":48},"skip":true},"31":{"start":{"line":123,"column":8},"end":{"line":136,"column":10},"skip":true},"32":{"start":{"line":130,"column":12},"end":{"line":130,"column":76},"skip":true},"33":{"start":{"line":131,"column":12},"end":{"line":131,"column":73},"skip":true},"34":{"start":{"line":132,"column":12},"end":{"line":132,"column":74},"skip":true},"35":{"start":{"line":133,"column":12},"end":{"line":133,"column":79},"skip":true},"36":{"start":{"line":134,"column":12},"end":{"line":134,"column":25},"skip":true},"37":{"start":{"line":135,"column":12},"end":{"line":135,"column":45},"skip":true},"38":{"start":{"line":138,"column":8},"end":{"line":145,"column":14},"skip":true},"39":{"start":{"line":143,"column":16},"end":{"line":143,"column":29},"skip":true},"40":{"start":{"line":144,"column":16},"end":{"line":144,"column":55},"skip":true},"41":{"start":{"line":147,"column":8},"end":{"line":156,"column":10},"skip":true},"42":{"start":{"line":154,"column":12},"end":{"line":154,"column":25},"skip":true},"43":{"start":{"line":155,"column":12},"end":{"line":155,"column":45},"skip":true},"44":{"start":{"line":158,"column":8},"end":{"line":167,"column":10},"skip":true},"45":{"start":{"line":165,"column":12},"end":{"line":165,"column":25},"skip":true},"46":{"start":{"line":166,"column":12},"end":{"line":166,"column":48},"skip":true},"47":{"start":{"line":169,"column":8},"end":{"line":178,"column":10},"skip":true},"48":{"start":{"line":176,"column":12},"end":{"line":176,"column":25},"skip":true},"49":{"start":{"line":177,"column":12},"end":{"line":177,"column":46},"skip":true},"50":{"start":{"line":180,"column":8},"end":{"line":189,"column":10},"skip":true},"51":{"start":{"line":187,"column":12},"end":{"line":187,"column":94},"skip":true},"52":{"start":{"line":188,"column":12},"end":{"line":188,"column":48},"skip":true},"53":{"start":{"line":192,"column":8},"end":{"line":192,"column":35},"skip":true},"54":{"start":{"line":193,"column":8},"end":{"line":193,"column":14},"skip":true}},"branchMap":{"1":{"line":25,"type":"binary-expr","locations":[{"start":{"line":25,"column":23},"end":{"line":25,"column":62}},{"start":{"line":26,"column":20},"end":{"line":26,"column":70}},{"start":{"line":27,"column":20},"end":{"line":27,"column":71}},{"start":{"line":28,"column":20},"end":{"line":28,"column":29}}]},"2":{"line":30,"type":"binary-expr","locations":[{"start":{"line":30,"column":23},"end":{"line":30,"column":37}},{"start":{"line":31,"column":20},"end":{"line":31,"column":61}},{"start":{"line":32,"column":20},"end":{"line":32,"column":70}},{"start":{"line":33,"column":20},"end":{"line":33,"column":26}}]},"3":{"line":37,"type":"cond-expr","locations":[{"start":{"line":38,"column":14},"end":{"line":38,"column":20}},{"start":{"line":39,"column":14},"end":{"line":39,"column":20}}]},"4":{"line":40,"type":"switch","locations":[{"start":{"line":42,"column":8},"end":{"line":47,"column":18}},{"start":{"line":49,"column":8},"end":{"line":52,"column":18}}]},"5":{"line":44,"type":"binary-expr","locations":[{"start":{"line":44,"column":16},"end":{"line":44,"column":44}},{"start":{"line":44,"column":48},"end":{"line":44,"column":66}}]},"6":{"line":50,"type":"binary-expr","locations":[{"start":{"line":50,"column":21},"end":{"line":50,"column":49}},{"start":{"line":50,"column":53},"end":{"line":50,"column":72}}]},"7":{"line":64,"type":"switch","locations":[{"start":{"line":69,"column":4},"end":{"line":70,"column":14}},{"start":{"line":75,"column":4},"end":{"line":76,"column":14}}]},"8":{"line":85,"type":"switch","locations":[{"start":{"line":90,"column":4},"end":{"line":105,"column":14}},{"start":{"line":111,"column":4},"end":{"line":193,"column":14},"skip":true}]},"9":{"line":91,"type":"binary-expr","locations":[{"start":{"line":91,"column":42},"end":{"line":91,"column":73}},{"start":{"line":91,"column":77},"end":{"line":99,"column":9}}]},"10":{"line":102,"type":"binary-expr","locations":[{"start":{"line":102,"column":18},"end":{"line":102,"column":32}},{"start":{"line":103,"column":12},"end":{"line":103,"column":53}},{"start":{"line":104,"column":12},"end":{"line":104,"column":61}}]},"11":{"line":112,"type":"binary-expr","locations":[{"start":{"line":112,"column":45},"end":{"line":112,"column":79},"skip":true},{"start":{"line":112,"column":83},"end":{"line":121,"column":9},"skip":true}]},"12":{"line":123,"type":"binary-expr","locations":[{"start":{"line":123,"column":42},"end":{"line":123,"column":73},"skip":true},{"start":{"line":123,"column":77},"end":{"line":136,"column":9},"skip":true}]},"13":{"line":138,"type":"binary-expr","locations":[{"start":{"line":138,"column":48},"end":{"line":138,"column":85},"skip":true},{"start":{"line":139,"column":12},"end":{"line":145,"column":13},"skip":true}]},"14":{"line":147,"type":"binary-expr","locations":[{"start":{"line":147,"column":42},"end":{"line":147,"column":73},"skip":true},{"start":{"line":147,"column":77},"end":{"line":156,"column":9},"skip":true}]},"15":{"line":158,"type":"binary-expr","locations":[{"start":{"line":158,"column":45},"end":{"line":158,"column":79},"skip":true},{"start":{"line":158,"column":83},"end":{"line":167,"column":9},"skip":true}]},"16":{"line":169,"type":"binary-expr","locations":[{"start":{"line":169,"column":43},"end":{"line":169,"column":75},"skip":true},{"start":{"line":169,"column":79},"end":{"line":178,"column":9},"skip":true}]},"17":{"line":180,"type":"binary-expr","locations":[{"start":{"line":180,"column":41},"end":{"line":180,"column":71},"skip":true},{"start":{"line":180,"column":75},"end":{"line":189,"column":9},"skip":true}]}},"code":["/* istanbul instrument in package npmtest_node_webcl */","/*jslint","    bitwise: true,","    browser: true,","    maxerr: 8,","    maxlen: 96,","    node: true,","    nomen: true,","    regexp: true,","    stupid: true","*/","(function () {","    'use strict';","    var local;","","","","    // run shared js-env code - pre-init","    (function () {","        // init local","        local = {};","        // init modeJs","        local.modeJs = (function () {","            try {","                return typeof navigator.userAgent === 'string' &&","                    typeof document.querySelector('body') === 'object' &&","                    typeof XMLHttpRequest.prototype.open === 'function' &&","                    'browser';","            } catch (errorCaughtBrowser) {","                return module.exports &&","                    typeof process.versions.node === 'string' &&","                    typeof require('http').createServer === 'function' &&","                    'node';","            }","        }());","        // init global","        local.global = local.modeJs === 'browser'","            ? window","            : global;","        switch (local.modeJs) {","        // re-init local from window.local","        case 'browser':","            local = local.global.utility2.objectSetDefault(","                local.global.utility2_rollup || local.global.local,","                local.global.utility2","            );","            break;","        // re-init local from example.js","        case 'node':","            local = (local.global.utility2_rollup || require('utility2'))","                .requireExampleJsFromReadme();","            break;","        }","        // export local","        local.global.local = local;","    }());","","","","    // run shared js-env code - function","    (function () {","        return;","    }());","    switch (local.modeJs) {","","","","    // run browser js-env code - function","    case 'browser':","        break;","","","","    // run node js-env code - function","    case 'node':","        break;","    }","","","","    // run shared js-env code - post-init","    (function () {","        return;","    }());","    switch (local.modeJs) {","","","","    // run browser js-env code - post-init","    case 'browser':","        local.testCase_browser_nullCase = local.testCase_browser_nullCase || function (","            options,","            onError","        ) {","        /*","         * this function will test browsers's null-case handling-behavior-behavior","         */","            onError(null, options);","        };","","        // run tests","        local.nop(local.modeTest &&","            document.querySelector('#testRunButton1') &&","            document.querySelector('#testRunButton1').click());","        break;","","","","    // run node js-env code - post-init","    /* istanbul ignore next */","    case 'node':","        local.testCase_buildApidoc_default = local.testCase_buildApidoc_default || function (","            options,","            onError","        ) {","        /*","         * this function will test buildApidoc's default handling-behavior-behavior","         */","            options = { modulePathList: module.paths };","            local.buildApidoc(options, onError);","        };","","        local.testCase_buildApp_default = local.testCase_buildApp_default || function (","            options,","            onError","        ) {","        /*","         * this function will test buildApp's default handling-behavior-behavior","         */","            local.testCase_buildReadme_default(options, local.onErrorThrow);","            local.testCase_buildLib_default(options, local.onErrorThrow);","            local.testCase_buildTest_default(options, local.onErrorThrow);","            local.testCase_buildCustomOrg_default(options, local.onErrorThrow);","            options = [];","            local.buildApp(options, onError);","        };","","        local.testCase_buildCustomOrg_default = local.testCase_buildCustomOrg_default ||","            function (options, onError) {","            /*","             * this function will test buildCustomOrg's default handling-behavior","             */","                options = {};","                local.buildCustomOrg(options, onError);","            };","","        local.testCase_buildLib_default = local.testCase_buildLib_default || function (","            options,","            onError","        ) {","        /*","         * this function will test buildLib's default handling-behavior","         */","            options = {};","            local.buildLib(options, onError);","        };","","        local.testCase_buildReadme_default = local.testCase_buildReadme_default || function (","            options,","            onError","        ) {","        /*","         * this function will test buildReadme's default handling-behavior-behavior","         */","            options = {};","            local.buildReadme(options, onError);","        };","","        local.testCase_buildTest_default = local.testCase_buildTest_default || function (","            options,","            onError","        ) {","        /*","         * this function will test buildTest's default handling-behavior","         */","            options = {};","            local.buildTest(options, onError);","        };","","        local.testCase_webpage_default = local.testCase_webpage_default || function (","            options,","            onError","        ) {","        /*","         * this function will test webpage's default handling-behavior","         */","            options = { modeCoverageMerge: true, url: local.serverLocalHost + '?modeTest=1' };","            local.browserTest(options, onError);","        };","","        // run test-server","        local.testRunServer(local);","        break;","    }","}());",""],"l":{"12":2,"14":2,"19":2,"21":2,"23":2,"24":2,"25":2,"30":1,"37":2,"40":2,"43":1,"47":1,"50":1,"52":1,"55":2,"61":2,"62":2,"64":2,"70":1,"76":1,"82":2,"83":2,"85":2,"91":1,"98":1,"102":1,"105":1,"112":1,"119":1,"120":1,"123":1,"130":1,"131":1,"132":1,"133":1,"134":1,"135":1,"138":1,"143":2,"144":2,"147":1,"154":2,"155":2,"158":1,"165":2,"166":2,"169":1,"176":2,"177":2,"180":1,"187":1,"188":1,"192":1,"193":1}},"/home/travis/build/npmtest/node-npmtest-node-webcl/lib.npmtest_node_webcl.js":{"path":"/home/travis/build/npmtest/node-npmtest-node-webcl/lib.npmtest_node_webcl.js","s":{"1":2,"2":2,"3":2,"4":2,"5":2,"6":2,"7":2,"8":1,"9":2,"10":2,"11":2,"12":2,"13":1,"14":1,"15":1,"16":1},"b":{"1":[2,1,1,1],"2":[1,1,1,1],"3":[1,1],"4":[2,2],"5":[1,1]},"f":{"1":2,"2":2,"3":2},"fnMap":{"1":{"name":"(anonymous_1)","line":12,"loc":{"start":{"line":12,"column":1},"end":{"line":12,"column":13}}},"2":{"name":"(anonymous_2)","line":19,"loc":{"start":{"line":19,"column":5},"end":{"line":19,"column":17}}},"3":{"name":"(anonymous_3)","line":23,"loc":{"start":{"line":23,"column":24},"end":{"line":23,"column":36}}}},"statementMap":{"1":{"start":{"line":12,"column":0},"end":{"line":53,"column":5}},"2":{"start":{"line":14,"column":4},"end":{"line":14,"column":14}},"3":{"start":{"line":19,"column":4},"end":{"line":52,"column":9}},"4":{"start":{"line":21,"column":8},"end":{"line":21,"column":19}},"5":{"start":{"line":23,"column":8},"end":{"line":35,"column":13}},"6":{"start":{"line":24,"column":12},"end":{"line":34,"column":13}},"7":{"start":{"line":25,"column":16},"end":{"line":28,"column":30}},"8":{"start":{"line":30,"column":16},"end":{"line":33,"column":27}},"9":{"start":{"line":37,"column":8},"end":{"line":39,"column":21}},"10":{"start":{"line":41,"column":8},"end":{"line":41,"column":54}},"11":{"start":{"line":43,"column":8},"end":{"line":43,"column":55}},"12":{"start":{"line":45,"column":8},"end":{"line":51,"column":9}},"13":{"start":{"line":46,"column":12},"end":{"line":46,"column":61}},"14":{"start":{"line":48,"column":12},"end":{"line":48,"column":35}},"15":{"start":{"line":49,"column":12},"end":{"line":49,"column":49}},"16":{"start":{"line":50,"column":12},"end":{"line":50,"column":43}}},"branchMap":{"1":{"line":25,"type":"binary-expr","locations":[{"start":{"line":25,"column":23},"end":{"line":25,"column":62}},{"start":{"line":26,"column":20},"end":{"line":26,"column":70}},{"start":{"line":27,"column":20},"end":{"line":27,"column":71}},{"start":{"line":28,"column":20},"end":{"line":28,"column":29}}]},"2":{"line":30,"type":"binary-expr","locations":[{"start":{"line":30,"column":23},"end":{"line":30,"column":37}},{"start":{"line":31,"column":20},"end":{"line":31,"column":61}},{"start":{"line":32,"column":20},"end":{"line":32,"column":70}},{"start":{"line":33,"column":20},"end":{"line":33,"column":26}}]},"3":{"line":37,"type":"cond-expr","locations":[{"start":{"line":38,"column":14},"end":{"line":38,"column":20}},{"start":{"line":39,"column":14},"end":{"line":39,"column":20}}]},"4":{"line":41,"type":"binary-expr","locations":[{"start":{"line":41,"column":16},"end":{"line":41,"column":44}},{"start":{"line":41,"column":48},"end":{"line":41,"column":53}}]},"5":{"line":45,"type":"if","locations":[{"start":{"line":45,"column":8},"end":{"line":45,"column":8}},{"start":{"line":45,"column":8},"end":{"line":45,"column":8}}]}},"code":["/* istanbul instrument in package npmtest_node_webcl */","/*jslint","    bitwise: true,","    browser: true,","    maxerr: 8,","    maxlen: 96,","    node: true,","    nomen: true,","    regexp: true,","    stupid: true","*/","(function () {","    'use strict';","    var local;","","","","    // run shared js-env code - pre-init","    (function () {","        // init local","        local = {};","        // init modeJs","        local.modeJs = (function () {","            try {","                return typeof navigator.userAgent === 'string' &&","                    typeof document.querySelector('body') === 'object' &&","                    typeof XMLHttpRequest.prototype.open === 'function' &&","                    'browser';","            } catch (errorCaughtBrowser) {","                return module.exports &&","                    typeof process.versions.node === 'string' &&","                    typeof require('http').createServer === 'function' &&","                    'node';","            }","        }());","        // init global","        local.global = local.modeJs === 'browser'","            ? window","            : global;","        // init utility2_rollup","        local = local.global.utility2_rollup || local;","        // init lib","        local.local = local.npmtest_node_webcl = local;","        // init exports","        if (local.modeJs === 'browser') {","            local.global.utility2_npmtest_node_webcl = local;","        } else {","            module.exports = local;","            module.exports.__dirname = __dirname;","            module.exports.module = module;","        }","    }());","}());",""],"l":{"12":2,"14":2,"19":2,"21":2,"23":2,"24":2,"25":2,"30":1,"37":2,"41":2,"43":2,"45":2,"46":1,"48":1,"49":1,"50":1}},"/home/travis/build/npmtest/node-npmtest-node-webcl/example.js":{"path":"/home/travis/build/npmtest/node-npmtest-node-webcl/example.js","s":{"1":2,"2":2,"3":2,"4":2,"5":2,"6":2,"7":2,"8":1,"9":2,"10":2,"11":2,"12":2,"13":1,"14":2,"15":2,"16":2,"17":2,"18":2,"19":0,"20":2,"21":1,"22":1,"23":1,"24":1,"25":1,"26":0,"27":0,"28":1,"29":1,"30":2,"31":0,"32":0,"33":0,"34":1,"35":2,"36":2,"37":3,"38":3,"39":3,"40":3,"41":0,"42":3,"43":3,"44":3,"45":1,"46":3,"47":1,"48":1,"49":1,"50":1,"51":1,"52":1,"53":1,"54":1,"55":1,"56":1,"57":0,"58":1,"59":6,"60":6,"61":1,"62":2,"63":0,"64":2,"65":1,"66":1,"67":0,"68":0,"69":0,"70":0,"71":0,"72":0,"73":0,"74":0,"75":0,"76":0,"77":0,"78":0,"79":0,"80":0,"81":0,"82":0,"83":0},"b":{"1":[2,1,1,1],"2":[1,1,1,1],"3":[1,1],"4":[2,2],"5":[1,1],"6":[1,1],"7":[2,0],"8":[2,1,1,1,1,1],"9":[0,2,0],"10":[1,1],"11":[2,1,1],"12":[1,0],"13":[0,2],"14":[2,0,0,0,0,0,0],"15":[0,3],"16":[3,0],"17":[1,1],"18":[0,1],"19":[1,2,0,2],"20":[1,0],"21":[1,1],"22":[0,0],"23":[0,0],"24":[0,0],"25":[0,0],"26":[0,0],"27":[0,0],"28":[0,0]},"f":{"1":2,"2":2,"3":2,"4":2,"5":2,"6":2,"7":3,"8":3,"9":3,"10":1,"11":6,"12":0},"fnMap":{"1":{"name":"(anonymous_1)","line":26,"loc":{"start":{"line":26,"column":1},"end":{"line":26,"column":13}}},"2":{"name":"(anonymous_2)","line":33,"loc":{"start":{"line":33,"column":5},"end":{"line":33,"column":17}}},"3":{"name":"(anonymous_3)","line":37,"loc":{"start":{"line":37,"column":24},"end":{"line":37,"column":36}}},"4":{"name":"(anonymous_4)","line":69,"loc":{"start":{"line":69,"column":31},"end":{"line":69,"column":48}},"skip":true},"5":{"name":"(anonymous_5)","line":78,"loc":{"start":{"line":78,"column":26},"end":{"line":78,"column":45}},"skip":true},"6":{"name":"(anonymous_6)","line":123,"loc":{"start":{"line":123,"column":33},"end":{"line":123,"column":48}},"skip":true},"7":{"name":"(anonymous_7)","line":125,"loc":{"start":{"line":125,"column":27},"end":{"line":125,"column":39}},"skip":true},"8":{"name":"(anonymous_8)","line":133,"loc":{"start":{"line":133,"column":59},"end":{"line":133,"column":74}},"skip":true},"9":{"name":"(anonymous_9)","line":143,"loc":{"start":{"line":143,"column":45},"end":{"line":143,"column":62}},"skip":true},"10":{"name":"(anonymous_10)","line":144,"loc":{"start":{"line":144,"column":73},"end":{"line":144,"column":92}},"skip":true},"11":{"name":"(anonymous_11)","line":272,"loc":{"start":{"line":272,"column":51},"end":{"line":272,"column":77}},"skip":true},"12":{"name":"(anonymous_12)","line":315,"loc":{"start":{"line":315,"column":32},"end":{"line":315,"column":61}},"skip":true}},"statementMap":{"1":{"start":{"line":26,"column":0},"end":{"line":326,"column":5}},"2":{"start":{"line":28,"column":4},"end":{"line":28,"column":14}},"3":{"start":{"line":33,"column":4},"end":{"line":60,"column":9}},"4":{"start":{"line":35,"column":8},"end":{"line":35,"column":19}},"5":{"start":{"line":37,"column":8},"end":{"line":49,"column":13}},"6":{"start":{"line":38,"column":12},"end":{"line":48,"column":13}},"7":{"start":{"line":39,"column":16},"end":{"line":42,"column":30}},"8":{"start":{"line":44,"column":16},"end":{"line":47,"column":27}},"9":{"start":{"line":51,"column":8},"end":{"line":53,"column":21}},"10":{"start":{"line":55,"column":8},"end":{"line":57,"column":45}},"11":{"start":{"line":59,"column":8},"end":{"line":59,"column":35}},"12":{"start":{"line":61,"column":4},"end":{"line":325,"column":5}},"13":{"start":{"line":69,"column":8},"end":{"line":121,"column":10},"skip":true},"14":{"start":{"line":70,"column":12},"end":{"line":88,"column":13},"skip":true},"15":{"start":{"line":76,"column":16},"end":{"line":87,"column":19},"skip":true},"16":{"start":{"line":79,"column":20},"end":{"line":86,"column":21},"skip":true},"17":{"start":{"line":82,"column":24},"end":{"line":82,"column":43},"skip":true},"18":{"start":{"line":83,"column":24},"end":{"line":83,"column":30},"skip":true},"19":{"start":{"line":85,"column":24},"end":{"line":85,"column":49},"skip":true},"20":{"start":{"line":89,"column":12},"end":{"line":107,"column":13},"skip":true},"21":{"start":{"line":92,"column":16},"end":{"line":102,"column":17},"skip":true},"22":{"start":{"line":93,"column":20},"end":{"line":93,"column":86},"skip":true},"23":{"start":{"line":94,"column":20},"end":{"line":95,"column":45},"skip":true},"24":{"start":{"line":96,"column":20},"end":{"line":96,"column":42},"skip":true},"25":{"start":{"line":97,"column":20},"end":{"line":97,"column":48},"skip":true},"26":{"start":{"line":100,"column":20},"end":{"line":100,"column":85},"skip":true},"27":{"start":{"line":101,"column":20},"end":{"line":101,"column":96},"skip":true},"28":{"start":{"line":103,"column":16},"end":{"line":103,"column":22},"skip":true},"29":{"start":{"line":106,"column":16},"end":{"line":106,"column":22},"skip":true},"30":{"start":{"line":108,"column":12},"end":{"line":120,"column":13},"skip":true},"31":{"start":{"line":114,"column":16},"end":{"line":119,"column":17},"skip":true},"32":{"start":{"line":116,"column":20},"end":{"line":116,"column":78},"skip":true},"33":{"start":{"line":118,"column":20},"end":{"line":118,"column":47},"skip":true},"34":{"start":{"line":123,"column":8},"end":{"line":141,"column":11},"skip":true},"35":{"start":{"line":124,"column":12},"end":{"line":124,"column":54},"skip":true},"36":{"start":{"line":125,"column":12},"end":{"line":140,"column":14},"skip":true},"37":{"start":{"line":126,"column":16},"end":{"line":126,"column":28},"skip":true},"38":{"start":{"line":127,"column":16},"end":{"line":127,"column":69},"skip":true},"39":{"start":{"line":128,"column":16},"end":{"line":128,"column":75},"skip":true},"40":{"start":{"line":129,"column":16},"end":{"line":131,"column":17},"skip":true},"41":{"start":{"line":130,"column":20},"end":{"line":130,"column":27},"skip":true},"42":{"start":{"line":133,"column":16},"end":{"line":137,"column":36},"skip":true},"43":{"start":{"line":134,"column":20},"end":{"line":136,"column":55},"skip":true},"44":{"start":{"line":139,"column":16},"end":{"line":139,"column":57},"skip":true},"45":{"start":{"line":143,"column":8},"end":{"line":147,"column":11},"skip":true},"46":{"start":{"line":144,"column":12},"end":{"line":146,"column":15},"skip":true},"47":{"start":{"line":145,"column":16},"end":{"line":145,"column":70},"skip":true},"48":{"start":{"line":149,"column":8},"end":{"line":149,"column":31},"skip":true},"49":{"start":{"line":150,"column":8},"end":{"line":150,"column":14},"skip":true},"50":{"start":{"line":158,"column":8},"end":{"line":158,"column":31},"skip":true},"51":{"start":{"line":160,"column":8},"end":{"line":160,"column":33},"skip":true},"52":{"start":{"line":161,"column":8},"end":{"line":161,"column":37},"skip":true},"53":{"start":{"line":162,"column":8},"end":{"line":162,"column":35},"skip":true},"54":{"start":{"line":164,"column":8},"end":{"line":164,"column":50},"skip":true},"55":{"start":{"line":166,"column":8},"end":{"line":256,"column":2},"skip":true},"56":{"start":{"line":258,"column":8},"end":{"line":286,"column":9},"skip":true},"57":{"start":{"line":259,"column":12},"end":{"line":269,"column":14},"skip":true},"58":{"start":{"line":271,"column":12},"end":{"line":285,"column":19},"skip":true},"59":{"start":{"line":274,"column":20},"end":{"line":274,"column":35},"skip":true},"60":{"start":{"line":275,"column":20},"end":{"line":284,"column":21},"skip":true},"61":{"start":{"line":277,"column":24},"end":{"line":277,"column":64},"skip":true},"62":{"start":{"line":279,"column":24},"end":{"line":279,"column":40},"skip":true},"63":{"start":{"line":281,"column":24},"end":{"line":281,"column":40},"skip":true},"64":{"start":{"line":283,"column":24},"end":{"line":283,"column":39},"skip":true},"65":{"start":{"line":288,"column":8},"end":{"line":290,"column":9},"skip":true},"66":{"start":{"line":289,"column":12},"end":{"line":289,"column":18},"skip":true},"67":{"start":{"line":291,"column":8},"end":{"line":293,"column":54},"skip":true},"68":{"start":{"line":296,"column":8},"end":{"line":301,"column":37},"skip":true},"69":{"start":{"line":303,"column":8},"end":{"line":303,"column":82},"skip":true},"70":{"start":{"line":306,"column":8},"end":{"line":308,"column":9},"skip":true},"71":{"start":{"line":307,"column":12},"end":{"line":307,"column":82},"skip":true},"72":{"start":{"line":310,"column":8},"end":{"line":312,"column":9},"skip":true},"73":{"start":{"line":311,"column":12},"end":{"line":311,"column":18},"skip":true},"74":{"start":{"line":313,"column":8},"end":{"line":313,"column":54},"skip":true},"75":{"start":{"line":314,"column":8},"end":{"line":314,"column":69},"skip":true},"76":{"start":{"line":315,"column":8},"end":{"line":323,"column":36},"skip":true},"77":{"start":{"line":316,"column":12},"end":{"line":316,"column":61},"skip":true},"78":{"start":{"line":317,"column":12},"end":{"line":320,"column":13},"skip":true},"79":{"start":{"line":318,"column":16},"end":{"line":318,"column":75},"skip":true},"80":{"start":{"line":319,"column":16},"end":{"line":319,"column":23},"skip":true},"81":{"start":{"line":321,"column":12},"end":{"line":321,"column":38},"skip":true},"82":{"start":{"line":322,"column":12},"end":{"line":322,"column":27},"skip":true},"83":{"start":{"line":324,"column":8},"end":{"line":324,"column":14},"skip":true}},"branchMap":{"1":{"line":39,"type":"binary-expr","locations":[{"start":{"line":39,"column":23},"end":{"line":39,"column":62}},{"start":{"line":40,"column":20},"end":{"line":40,"column":70}},{"start":{"line":41,"column":20},"end":{"line":41,"column":71}},{"start":{"line":42,"column":20},"end":{"line":42,"column":29}}]},"2":{"line":44,"type":"binary-expr","locations":[{"start":{"line":44,"column":23},"end":{"line":44,"column":37}},{"start":{"line":45,"column":20},"end":{"line":45,"column":61}},{"start":{"line":46,"column":20},"end":{"line":46,"column":70}},{"start":{"line":47,"column":20},"end":{"line":47,"column":26}}]},"3":{"line":51,"type":"cond-expr","locations":[{"start":{"line":52,"column":14},"end":{"line":52,"column":20}},{"start":{"line":53,"column":14},"end":{"line":53,"column":20}}]},"4":{"line":55,"type":"binary-expr","locations":[{"start":{"line":55,"column":16},"end":{"line":55,"column":44}},{"start":{"line":55,"column":49},"end":{"line":57,"column":43}}]},"5":{"line":55,"type":"cond-expr","locations":[{"start":{"line":56,"column":14},"end":{"line":56,"column":54}},{"start":{"line":57,"column":14},"end":{"line":57,"column":43}}]},"6":{"line":61,"type":"switch","locations":[{"start":{"line":68,"column":4},"end":{"line":150,"column":14},"skip":true},{"start":{"line":156,"column":4},"end":{"line":324,"column":14},"skip":true}]},"7":{"line":70,"type":"if","locations":[{"start":{"line":70,"column":12},"end":{"line":70,"column":12},"skip":true},{"start":{"line":70,"column":12},"end":{"line":70,"column":12},"skip":true}]},"8":{"line":70,"type":"binary-expr","locations":[{"start":{"line":70,"column":16},"end":{"line":70,"column":22},"skip":true},{"start":{"line":70,"column":27},"end":{"line":70,"column":32},"skip":true},{"start":{"line":71,"column":20},"end":{"line":71,"column":39},"skip":true},{"start":{"line":72,"column":20},"end":{"line":72,"column":49},"skip":true},{"start":{"line":73,"column":20},"end":{"line":73,"column":58},"skip":true},{"start":{"line":74,"column":20},"end":{"line":74,"column":69},"skip":true}]},"9":{"line":79,"type":"switch","locations":[{"start":{"line":80,"column":20},"end":{"line":80,"column":33},"skip":true},{"start":{"line":81,"column":20},"end":{"line":83,"column":30},"skip":true},{"start":{"line":84,"column":20},"end":{"line":85,"column":49},"skip":true}]},"10":{"line":89,"type":"switch","locations":[{"start":{"line":90,"column":12},"end":{"line":103,"column":22},"skip":true},{"start":{"line":105,"column":12},"end":{"line":106,"column":22},"skip":true}]},"11":{"line":89,"type":"binary-expr","locations":[{"start":{"line":89,"column":20},"end":{"line":89,"column":25},"skip":true},{"start":{"line":89,"column":29},"end":{"line":89,"column":48},"skip":true},{"start":{"line":89,"column":52},"end":{"line":89,"column":74},"skip":true}]},"12":{"line":92,"type":"if","locations":[{"start":{"line":92,"column":16},"end":{"line":92,"column":16},"skip":true},{"start":{"line":92,"column":16},"end":{"line":92,"column":16},"skip":true}]},"13":{"line":108,"type":"if","locations":[{"start":{"line":108,"column":12},"end":{"line":108,"column":12},"skip":true},{"start":{"line":108,"column":12},"end":{"line":108,"column":12},"skip":true}]},"14":{"line":108,"type":"binary-expr","locations":[{"start":{"line":108,"column":16},"end":{"line":108,"column":61},"skip":true},{"start":{"line":108,"column":66},"end":{"line":108,"column":72},"skip":true},{"start":{"line":108,"column":77},"end":{"line":108,"column":82},"skip":true},{"start":{"line":109,"column":20},"end":{"line":109,"column":39},"skip":true},{"start":{"line":110,"column":20},"end":{"line":110,"column":49},"skip":true},{"start":{"line":111,"column":20},"end":{"line":111,"column":58},"skip":true},{"start":{"line":112,"column":20},"end":{"line":112,"column":68},"skip":true}]},"15":{"line":129,"type":"if","locations":[{"start":{"line":129,"column":16},"end":{"line":129,"column":16},"skip":true},{"start":{"line":129,"column":16},"end":{"line":129,"column":16},"skip":true}]},"16":{"line":134,"type":"cond-expr","locations":[{"start":{"line":135,"column":26},"end":{"line":135,"column":29},"skip":true},{"start":{"line":136,"column":26},"end":{"line":136,"column":54},"skip":true}]},"17":{"line":164,"type":"binary-expr","locations":[{"start":{"line":164,"column":27},"end":{"line":164,"column":43},"skip":true},{"start":{"line":164,"column":47},"end":{"line":164,"column":49},"skip":true}]},"18":{"line":258,"type":"if","locations":[{"start":{"line":258,"column":8},"end":{"line":258,"column":8},"skip":true},{"start":{"line":258,"column":8},"end":{"line":258,"column":8},"skip":true}]},"19":{"line":275,"type":"switch","locations":[{"start":{"line":276,"column":20},"end":{"line":277,"column":64},"skip":true},{"start":{"line":278,"column":20},"end":{"line":279,"column":40},"skip":true},{"start":{"line":280,"column":20},"end":{"line":281,"column":40},"skip":true},{"start":{"line":282,"column":20},"end":{"line":283,"column":39},"skip":true}]},"20":{"line":288,"type":"if","locations":[{"start":{"line":288,"column":8},"end":{"line":288,"column":8},"skip":true},{"start":{"line":288,"column":8},"end":{"line":288,"column":8},"skip":true}]},"21":{"line":288,"type":"binary-expr","locations":[{"start":{"line":288,"column":12},"end":{"line":288,"column":40},"skip":true},{"start":{"line":288,"column":44},"end":{"line":288,"column":67},"skip":true}]},"22":{"line":292,"type":"binary-expr","locations":[{"start":{"line":292,"column":12},"end":{"line":292,"column":50},"skip":true},{"start":{"line":293,"column":12},"end":{"line":293,"column":53},"skip":true}]},"23":{"line":297,"type":"binary-expr","locations":[{"start":{"line":297,"column":12},"end":{"line":297,"column":68},"skip":true},{"start":{"line":298,"column":12},"end":{"line":301,"column":36},"skip":true}]},"24":{"line":303,"type":"binary-expr","locations":[{"start":{"line":303,"column":43},"end":{"line":303,"column":75},"skip":true},{"start":{"line":303,"column":79},"end":{"line":303,"column":81},"skip":true}]},"25":{"line":306,"type":"if","locations":[{"start":{"line":306,"column":8},"end":{"line":306,"column":8},"skip":true},{"start":{"line":306,"column":8},"end":{"line":306,"column":8},"skip":true}]},"26":{"line":310,"type":"if","locations":[{"start":{"line":310,"column":8},"end":{"line":310,"column":8},"skip":true},{"start":{"line":310,"column":8},"end":{"line":310,"column":8},"skip":true}]},"27":{"line":313,"type":"binary-expr","locations":[{"start":{"line":313,"column":27},"end":{"line":313,"column":43},"skip":true},{"start":{"line":313,"column":47},"end":{"line":313,"column":53},"skip":true}]},"28":{"line":317,"type":"if","locations":[{"start":{"line":317,"column":12},"end":{"line":317,"column":12},"skip":true},{"start":{"line":317,"column":12},"end":{"line":317,"column":12},"skip":true}]}},"code":["/*","example.js","","quickstart example","","instruction","    1. save this script as example.js","    2. run the shell command:","        $ npm install npmtest-node-webcl && PORT=8081 node example.js","    3. play with the browser-demo on http://127.0.0.1:8081","*/","","","","/* istanbul instrument in package npmtest_node_webcl */","/*jslint","    bitwise: true,","    browser: true,","    maxerr: 8,","    maxlen: 96,","    node: true,","    nomen: true,","    regexp: true,","    stupid: true","*/","(function () {","    'use strict';","    var local;","","","","    // run shared js-env code - pre-init","    (function () {","        // init local","        local = {};","        // init modeJs","        local.modeJs = (function () {","            try {","                return typeof navigator.userAgent === 'string' &&","                    typeof document.querySelector('body') === 'object' &&","                    typeof XMLHttpRequest.prototype.open === 'function' &&","                    'browser';","            } catch (errorCaughtBrowser) {","                return module.exports &&","                    typeof process.versions.node === 'string' &&","                    typeof require('http').createServer === 'function' &&","                    'node';","            }","        }());","        // init global","        local.global = local.modeJs === 'browser'","            ? window","            : global;","        // init utility2_rollup","        local = local.global.utility2_rollup || (local.modeJs === 'browser'","            ? local.global.utility2_npmtest_node_webcl","            : global.utility2_moduleExports);","        // export local","        local.global.local = local;","    }());","    switch (local.modeJs) {","","","","    // post-init","    // run browser js-env code - post-init","    /* istanbul ignore next */","    case 'browser':","        local.testRunBrowser = function (event) {","            if (!event || (event &&","                    event.currentTarget &&","                    event.currentTarget.className &&","                    event.currentTarget.className.includes &&","                    event.currentTarget.className.includes('onreset'))) {","                // reset output","                Array.from(","                    document.querySelectorAll('body > .resettable')","                ).forEach(function (element) {","                    switch (element.tagName) {","                    case 'INPUT':","                    case 'TEXTAREA':","                        element.value = '';","                        break;","                    default:","                        element.textContent = '';","                    }","                });","            }","            switch (event && event.currentTarget && event.currentTarget.id) {","            case 'testRunButton1':","                // show tests","                if (document.querySelector('#testReportDiv1').style.display === 'none') {","                    document.querySelector('#testReportDiv1').style.display = 'block';","                    document.querySelector('#testRunButton1').textContent =","                        'hide internal test';","                    local.modeTest = true;","                    local.testRunDefault(local);","                // hide tests","                } else {","                    document.querySelector('#testReportDiv1').style.display = 'none';","                    document.querySelector('#testRunButton1').textContent = 'run internal test';","                }","                break;","            // custom-case","            default:","                break;","            }","            if (document.querySelector('#inputTextareaEval1') && (!event || (event &&","                    event.currentTarget &&","                    event.currentTarget.className &&","                    event.currentTarget.className.includes &&","                    event.currentTarget.className.includes('oneval')))) {","                // try to eval input-code","                try {","                    /*jslint evil: true*/","                    eval(document.querySelector('#inputTextareaEval1').value);","                } catch (errorCaught) {","                    console.error(errorCaught);","                }","            }","        };","        // log stderr and stdout to #outputTextareaStdout1","        ['error', 'log'].forEach(function (key) {","            console[key + '_original'] = console[key];","            console[key] = function () {","                var element;","                console[key + '_original'].apply(console, arguments);","                element = document.querySelector('#outputTextareaStdout1');","                if (!element) {","                    return;","                }","                // append text to #outputTextareaStdout1","                element.value += Array.from(arguments).map(function (arg) {","                    return typeof arg === 'string'","                        ? arg","                        : JSON.stringify(arg, null, 4);","                }).join(' ') + '\\n';","                // scroll textarea to bottom","                element.scrollTop = element.scrollHeight;","            };","        });","        // init event-handling","        ['change', 'click', 'keyup'].forEach(function (event) {","            Array.from(document.querySelectorAll('.on' + event)).forEach(function (element) {","                element.addEventListener(event, local.testRunBrowser);","            });","        });","        // run tests","        local.testRunBrowser();","        break;","","","","    // run node js-env code - post-init","    /* istanbul ignore next */","    case 'node':","        // export local","        module.exports = local;","        // require modules","        local.fs = require('fs');","        local.http = require('http');","        local.url = require('url');","        // init assets","        local.assetsDict = local.assetsDict || {};","        /* jslint-ignore-begin */","        local.assetsDict['/assets.index.template.html'] = '\\","<!doctype html>\\n\\","<html lang=\"en\">\\n\\","<head>\\n\\","<meta charset=\"UTF-8\">\\n\\","<meta name=\"viewport\" content=\"width=device-width, initial-scale=1\">\\n\\","<title>{{env.npm_package_name}} (v{{env.npm_package_version}})</title>\\n\\","<style>\\n\\","/*csslint\\n\\","    box-sizing: false,\\n\\","    universal-selector: false\\n\\","*/\\n\\","* {\\n\\","    box-sizing: border-box;\\n\\","}\\n\\","body {\\n\\","    background: #dde;\\n\\","    font-family: Arial, Helvetica, sans-serif;\\n\\","    margin: 2rem;\\n\\","}\\n\\","body > * {\\n\\","    margin-bottom: 1rem;\\n\\","}\\n\\",".utility2FooterDiv {\\n\\","    margin-top: 20px;\\n\\","    text-align: center;\\n\\","}\\n\\","</style>\\n\\","<style>\\n\\","/*csslint\\n\\","*/\\n\\","textarea {\\n\\","    font-family: monospace;\\n\\","    height: 10rem;\\n\\","    width: 100%;\\n\\","}\\n\\","textarea[readonly] {\\n\\","    background: #ddd;\\n\\","}\\n\\","</style>\\n\\","</head>\\n\\","<body>\\n\\","<!-- utility2-comment\\n\\","<div id=\"ajaxProgressDiv1\" style=\"background: #d00; height: 2px; left: 0; margin: 0; padding: 0; position: fixed; top: 0; transition: background 0.5s, width 1.5s; width: 25%;\"></div>\\n\\","utility2-comment -->\\n\\","<h1>\\n\\","<!-- utility2-comment\\n\\","    <a\\n\\","        {{#if env.npm_package_homepage}}\\n\\","        href=\"{{env.npm_package_homepage}}\"\\n\\","        {{/if env.npm_package_homepage}}\\n\\","        target=\"_blank\"\\n\\","    >\\n\\","utility2-comment -->\\n\\","        {{env.npm_package_name}} (v{{env.npm_package_version}})\\n\\","<!-- utility2-comment\\n\\","    </a>\\n\\","utility2-comment -->\\n\\","</h1>\\n\\","<h3>{{env.npm_package_description}}</h3>\\n\\","<!-- utility2-comment\\n\\","<h4><a download href=\"assets.app.js\">download standalone app</a></h4>\\n\\","<button class=\"onclick onreset\" id=\"testRunButton1\">run internal test</button><br>\\n\\","<div id=\"testReportDiv1\" style=\"display: none;\"></div>\\n\\","utility2-comment -->\\n\\","\\n\\","\\n\\","\\n\\","<label>stderr and stdout</label>\\n\\","<textarea class=\"resettable\" id=\"outputTextareaStdout1\" readonly></textarea>\\n\\","<!-- utility2-comment\\n\\","{{#if isRollup}}\\n\\","<script src=\"assets.app.js\"></script>\\n\\","{{#unless isRollup}}\\n\\","utility2-comment -->\\n\\","<script src=\"assets.utility2.rollup.js\"></script>\\n\\","<script src=\"jsonp.utility2._stateInit?callback=window.utility2._stateInit\"></script>\\n\\","<script src=\"assets.npmtest_node_webcl.rollup.js\"></script>\\n\\","<script src=\"assets.example.js\"></script>\\n\\","<script src=\"assets.test.js\"></script>\\n\\","<!-- utility2-comment\\n\\","{{/if isRollup}}\\n\\","utility2-comment -->\\n\\","<div class=\"utility2FooterDiv\">\\n\\","    [ this app was created with\\n\\","    <a href=\"https://github.com/kaizhu256/node-utility2\" target=\"_blank\">utility2</a>\\n\\","    ]\\n\\","</div>\\n\\","</body>\\n\\","</html>\\n\\","';","        /* jslint-ignore-end */","        if (local.templateRender) {","            local.assetsDict['/'] = local.templateRender(","                local.assetsDict['/assets.index.template.html'],","                {","                    env: local.objectSetDefault(local.env, {","                        npm_package_description: 'the greatest app in the world!',","                        npm_package_name: 'my-app',","                        npm_package_nameAlias: 'my_app',","                        npm_package_version: '0.0.1'","                    })","                }","            );","        } else {","            local.assetsDict['/'] = local.assetsDict['/assets.index.template.html']","                .replace((/\\{\\{env\\.(\\w+?)\\}\\}/g), function (match0, match1) {","                    // jslint-hack","                    String(match0);","                    switch (match1) {","                    case 'npm_package_description':","                        return 'the greatest app in the world!';","                    case 'npm_package_name':","                        return 'my-app';","                    case 'npm_package_nameAlias':","                        return 'my_app';","                    case 'npm_package_version':","                        return '0.0.1';","                    }","                });","        }","        // run the cli","        if (local.global.utility2_rollup || module !== require.main) {","            break;","        }","        local.assetsDict['/assets.example.js'] =","            local.assetsDict['/assets.example.js'] ||","            local.fs.readFileSync(__filename, 'utf8');","        // bug-workaround - long $npm_package_buildCustomOrg","        /* jslint-ignore-begin */","        local.assetsDict['/assets.npmtest_node_webcl.rollup.js'] =","            local.assetsDict['/assets.npmtest_node_webcl.rollup.js'] ||","            local.fs.readFileSync(","                local.npmtest_node_webcl.__dirname + '/lib.npmtest_node_webcl.js',","                'utf8'","            ).replace((/^#!/), '//');","        /* jslint-ignore-end */","        local.assetsDict['/favicon.ico'] = local.assetsDict['/favicon.ico'] || '';","        // if $npm_config_timeout_exit exists,","        // then exit this process after $npm_config_timeout_exit ms","        if (Number(process.env.npm_config_timeout_exit)) {","            setTimeout(process.exit, Number(process.env.npm_config_timeout_exit));","        }","        // start server","        if (local.global.utility2_serverHttp1) {","            break;","        }","        process.env.PORT = process.env.PORT || '8081';","        console.error('server starting on port ' + process.env.PORT);","        local.http.createServer(function (request, response) {","            request.urlParsed = local.url.parse(request.url);","            if (local.assetsDict[request.urlParsed.pathname] !== undefined) {","                response.end(local.assetsDict[request.urlParsed.pathname]);","                return;","            }","            response.statusCode = 404;","            response.end();","        }).listen(process.env.PORT);","        break;","    }","}());",""],"l":{"26":2,"28":2,"33":2,"35":2,"37":2,"38":2,"39":2,"44":1,"51":2,"55":2,"59":2,"61":2,"69":1,"70":2,"76":2,"79":2,"82":2,"83":2,"85":1,"89":2,"92":1,"93":1,"94":1,"96":1,"97":1,"100":1,"101":1,"103":1,"106":1,"108":2,"114":1,"116":1,"118":1,"123":1,"124":2,"125":2,"126":3,"127":3,"128":3,"129":3,"130":1,"133":3,"134":3,"139":3,"143":1,"144":3,"145":1,"149":1,"150":1,"158":1,"160":1,"161":1,"162":1,"164":1,"166":1,"258":1,"259":1,"271":1,"274":6,"275":6,"277":1,"279":2,"281":1,"283":2,"288":1,"289":1,"291":1,"296":1,"303":1,"306":1,"307":1,"310":1,"311":1,"313":1,"314":1,"315":1,"316":1,"317":1,"318":1,"319":1,"321":1,"322":1,"324":1}},"/home/travis/build/npmtest/node-npmtest-node-webcl/node_modules/node-webcl/webcl.js":{"path":"/home/travis/build/npmtest/node-npmtest-node-webcl/node_modules/node-webcl/webcl.js","s":{"1":2,"2":0,"3":0,"4":0,"5":0,"6":0,"7":0,"8":0,"9":0,"10":0,"11":0,"12":0,"13":0,"14":0,"15":0,"16":0,"17":0,"18":0,"19":1,"20":0,"21":1,"22":0,"23":0,"24":0,"25":0,"26":0,"27":0,"28":0,"29":0,"30":0,"31":0,"32":0,"33":0,"34":0,"35":0,"36":0,"37":0,"38":0,"39":0,"40":0,"41":0,"42":0,"43":0,"44":0,"45":0,"46":0,"47":0,"48":0,"49":0,"50":0,"51":0,"52":0,"53":0,"54":0,"55":0,"56":0,"57":0,"58":0,"59":0,"60":0,"61":0,"62":0,"63":0,"64":0,"65":0,"66":0,"67":0,"68":0,"69":0,"70":0,"71":0,"72":0,"73":0,"74":0,"75":0,"76":0,"77":0,"78":0,"79":0,"80":0,"81":0,"82":0,"83":0,"84":0,"85":0,"86":0,"87":0,"88":0,"89":0,"90":0,"91":0,"92":0,"93":0,"94":0,"95":0,"96":0,"97":0,"98":0,"99":0,"100":0,"101":0,"102":0,"103":0,"104":0,"105":0,"106":0,"107":0,"108":0,"109":0,"110":0,"111":0,"112":0,"113":0,"114":0,"115":0,"116":0,"117":0,"118":0,"119":0,"120":0,"121":0,"122":0,"123":0,"124":0,"125":0,"126":0,"127":0,"128":0,"129":0,"130":0,"131":0,"132":0,"133":0,"134":0,"135":0,"136":0,"137":0,"138":0,"139":0,"140":0,"141":0,"142":0,"143":0,"144":0,"145":0,"146":0,"147":0,"148":0,"149":0,"150":0,"151":0,"152":0,"153":0,"154":0,"155":0,"156":0,"157":0,"158":0,"159":0,"160":0,"161":0,"162":0,"163":0,"164":0,"165":0,"166":0,"167":0,"168":0,"169":0,"170":0,"171":0,"172":0,"173":0,"174":0,"175":0,"176":0,"177":0,"178":0,"179":0,"180":0,"181":0,"182":0,"183":0,"184":0,"185":0,"186":0,"187":0,"188":0,"189":0,"190":0,"191":0,"192":0,"193":0,"194":0,"195":0,"196":0,"197":0,"198":0,"199":0,"200":0,"201":0,"202":0,"203":0,"204":0,"205":0,"206":0,"207":0,"208":0,"209":0,"210":0,"211":0,"212":0,"213":0,"214":0,"215":0,"216":0,"217":0,"218":0,"219":0,"220":0,"221":0,"222":0,"223":0,"224":0,"225":0,"226":0,"227":0,"228":0,"229":0,"230":0,"231":0,"232":0,"233":0,"234":0,"235":0,"236":0,"237":0,"238":0,"239":0,"240":0,"241":0,"242":0,"243":0,"244":0,"245":0,"246":0,"247":0,"248":0,"249":0,"250":0,"251":0,"252":0,"253":0,"254":0,"255":0,"256":0,"257":0,"258":0,"259":0,"260":0,"261":0,"262":0,"263":0,"264":0,"265":0,"266":0,"267":0,"268":0,"269":0,"270":0,"271":0,"272":0,"273":0,"274":0,"275":0,"276":0,"277":0,"278":0,"279":0,"280":0,"281":0,"282":0,"283":0,"284":0,"285":0,"286":0,"287":0,"288":0,"289":0,"290":0,"291":0,"292":0,"293":0,"294":0,"295":0,"296":0,"297":0,"298":0,"299":0,"300":0,"301":0,"302":0,"303":0,"304":0,"305":0,"306":0,"307":0,"308":0,"309":0,"310":0,"311":0,"312":0,"313":0,"314":0,"315":0,"316":0,"317":0,"318":0,"319":0,"320":0,"321":0,"322":0,"323":0,"324":0,"325":0,"326":0,"327":0,"328":0,"329":0,"330":0,"331":0,"332":0,"333":0,"334":0,"335":0,"336":0,"337":0,"338":0,"339":0,"340":0,"341":0,"342":0,"343":0,"344":0,"345":0,"346":0,"347":0,"348":0,"349":0,"350":0,"351":0,"352":0,"353":0,"354":0,"355":0,"356":0,"357":0,"358":0,"359":0,"360":0,"361":0,"362":0,"363":0,"364":0,"365":0,"366":0,"367":0,"368":0,"369":0,"370":0,"371":0,"372":0,"373":0,"374":0,"375":0,"376":0,"377":0,"378":0,"379":0,"380":0,"381":0,"382":0,"383":0,"384":0,"385":0,"386":0,"387":0,"388":0,"389":0,"390":0,"391":0,"392":0,"393":0,"394":0,"395":0},"b":{"1":[0,0],"2":[0,0],"3":[0,0,0,0,0,0],"4":[0,0],"5":[0,0,0,0],"6":[0,0],"7":[0,0],"8":[0,0],"9":[0,0,0,0,0,0,0,0,0,0,0,0,0,0],"10":[0,0],"11":[0,0,0,0,0,0,0,0],"12":[0,0],"13":[0,0,0,0,0,0,0,0,0,0,0,0,0],"14":[0,0],"15":[0,0,0,0,0,0,0,0,0,0,0,0,0],"16":[0,0],"17":[0,0,0,0,0,0,0,0,0,0,0,0],"18":[0,0],"19":[0,0,0,0,0,0,0,0,0,0,0,0,0,0,0,0],"20":[0,0],"21":[0,0,0,0,0,0,0,0,0,0,0,0,0,0,0,0],"22":[0,0],"23":[0,0,0,0,0,0,0,0,0,0,0,0,0,0,0,0],"24":[0,0],"25":[0,0,0,0,0,0,0,0,0,0,0,0],"26":[0,0],"27":[0,0,0,0,0,0,0,0,0,0,0,0],"28":[0,0],"29":[0,0,0,0,0,0,0,0,0,0,0,0],"30":[0,0],"31":[0,0,0,0,0,0,0,0,0,0,0,0],"32":[0,0],"33":[0,0,0,0,0,0,0,0,0,0,0,0],"34":[0,0],"35":[0,0,0,0,0,0,0,0,0,0,0,0,0],"36":[0,0],"37":[0,0,0,0,0,0,0,0,0,0,0,0,0],"38":[0,0],"39":[0,0,0,0,0,0,0,0,0,0],"40":[0,0],"41":[0,0],"42":[0,0],"43":[0,0,0,0],"44":[0,0],"45":[0,0,0,0,0,0,0],"46":[0,0],"47":[0,0],"48":[0,0,0],"49":[0,0],"50":[0,0],"51":[0,0,0,0,0,0,0,0],"52":[0,0],"53":[0,0],"54":[0,0,0,0,0,0,0,0],"55":[0,0],"56":[0,0],"57":[0,0],"58":[0,0],"59":[0,0],"60":[0,0],"61":[0,0],"62":[0,0],"63":[0,0],"64":[0,0],"65":[0,0],"66":[0,0],"67":[0,0,0],"68":[0,0],"69":[0,0,0],"70":[0,0],"71":[0,0,0,0,0,0],"72":[0,0],"73":[0,0,0,0,0,0],"74":[0,0],"75":[0,0,0,0,0,0],"76":[0,0],"77":[0,0,0,0,0],"78":[0,0],"79":[0,0],"80":[0,0,0,0,0,0],"81":[0,0],"82":[0,0],"83":[0,0,0],"84":[0,0],"85":[0,0],"86":[0,0],"87":[0,0,0],"88":[0,0],"89":[0,0],"90":[0,0],"91":[0,0,0,0,0],"92":[0,0],"93":[0,0],"94":[0,0],"95":[0,0],"96":[0,0],"97":[0,0],"98":[0,0],"99":[0,0],"100":[0,0],"101":[0,0],"102":[0,0,0],"103":[0,0],"104":[0,0],"105":[0,0],"106":[0,0,0],"107":[0,0],"108":[0,0],"109":[0,0],"110":[0,0],"111":[0,0],"112":[0,0,0,0],"113":[0,0],"114":[0,0,0],"115":[0,0],"116":[0,0],"117":[0,0],"118":[0,0],"119":[0,0],"120":[0,0],"121":[0,0],"122":[0,0],"123":[0,0],"124":[0,0],"125":[0,0],"126":[0,0,0,0],"127":[0,0],"128":[0,0],"129":[0,0],"130":[0,0],"131":[0,0],"132":[0,0],"133":[0,0],"134":[0,0],"135":[0,0],"136":[0,0],"137":[0,0],"138":[0,0],"139":[0,0],"140":[0,0],"141":[0,0,0],"142":[0,0],"143":[0,0],"144":[0,0],"145":[0,0,0,0,0],"146":[0,0],"147":[0,0,0],"148":[0,0,0],"149":[0,0,0,0,0,0,0,0,0],"150":[0,0],"151":[0,0],"152":[0,0],"153":[0,0]},"f":{"1":0,"2":0,"3":0,"4":0,"5":0,"6":0,"7":0,"8":0,"9":0,"10":0,"11":0,"12":0,"13":0,"14":0,"15":0,"16":0,"17":0,"18":0,"19":0,"20":0,"21":0,"22":0,"23":0,"24":0,"25":0,"26":0,"27":0,"28":0,"29":0,"30":0,"31":0,"32":0,"33":0,"34":0,"35":0,"36":0,"37":0,"38":0,"39":0,"40":0,"41":0,"42":0,"43":0,"44":0,"45":0,"46":0,"47":0,"48":0,"49":0,"50":0,"51":0,"52":0,"53":0,"54":0,"55":0,"56":0,"57":0,"58":0,"59":0,"60":0,"61":0,"62":0,"63":0,"64":0,"65":0,"66":0,"67":0,"68":0,"69":0,"70":0,"71":0,"72":0,"73":0,"74":0,"75":0,"76":0,"77":0,"78":0,"79":0,"80":0,"81":0,"82":0,"83":0,"84":0,"85":0,"86":0,"87":0,"88":0,"89":0,"90":0,"91":0,"92":0,"93":0,"94":0},"fnMap":{"1":{"name":"(anonymous_1)","line":80,"loc":{"start":{"line":80,"column":18},"end":{"line":80,"column":29}}},"2":{"name":"checkObjectType","line":91,"loc":{"start":{"line":91,"column":0},"end":{"line":91,"column":36}}},"3":{"name":"isArray","line":96,"loc":{"start":{"line":96,"column":0},"end":{"line":96,"column":22}}},"4":{"name":"(anonymous_4)","line":101,"loc":{"start":{"line":101,"column":18},"end":{"line":101,"column":30}}},"5":{"name":"(anonymous_5)","line":108,"loc":{"start":{"line":108,"column":28},"end":{"line":108,"column":40}}},"6":{"name":"(anonymous_6)","line":112,"loc":{"start":{"line":112,"column":21},"end":{"line":112,"column":37}}},"7":{"name":"(anonymous_7)","line":117,"loc":{"start":{"line":117,"column":19},"end":{"line":117,"column":47}}},"8":{"name":"(anonymous_8)","line":138,"loc":{"start":{"line":138,"column":19},"end":{"line":138,"column":47}}},"9":{"name":"(anonymous_9)","line":147,"loc":{"start":{"line":147,"column":16},"end":{"line":147,"column":34}}},"10":{"name":"(anonymous_10)","line":154,"loc":{"start":{"line":154,"column":39},"end":{"line":154,"column":51}}},"11":{"name":"(anonymous_11)","line":158,"loc":{"start":{"line":158,"column":39},"end":{"line":158,"column":61}}},"12":{"name":"(anonymous_12)","line":165,"loc":{"start":{"line":165,"column":52},"end":{"line":165,"column":124}}},"13":{"name":"(anonymous_13)","line":177,"loc":{"start":{"line":177,"column":43},"end":{"line":177,"column":80}}},"14":{"name":"(anonymous_14)","line":187,"loc":{"start":{"line":187,"column":50},"end":{"line":187,"column":129}}},"15":{"name":"(anonymous_15)","line":202,"loc":{"start":{"line":202,"column":49},"end":{"line":202,"column":118}}},"16":{"name":"(anonymous_16)","line":218,"loc":{"start":{"line":218,"column":49},"end":{"line":220,"column":78}}},"17":{"name":"(anonymous_17)","line":237,"loc":{"start":{"line":237,"column":54},"end":{"line":242,"column":83}}},"18":{"name":"(anonymous_18)","line":266,"loc":{"start":{"line":266,"column":53},"end":{"line":271,"column":82}}},"19":{"name":"(anonymous_19)","line":295,"loc":{"start":{"line":295,"column":53},"end":{"line":299,"column":82}}},"20":{"name":"(anonymous_20)","line":321,"loc":{"start":{"line":321,"column":49},"end":{"line":321,"column":133}}},"21":{"name":"(anonymous_21)","line":338,"loc":{"start":{"line":338,"column":48},"end":{"line":339,"column":82}}},"22":{"name":"(anonymous_22)","line":356,"loc":{"start":{"line":356,"column":48},"end":{"line":357,"column":77}}},"23":{"name":"(anonymous_23)","line":374,"loc":{"start":{"line":374,"column":56},"end":{"line":375,"column":85}}},"24":{"name":"(anonymous_24)","line":392,"loc":{"start":{"line":392,"column":56},"end":{"line":393,"column":93}}},"25":{"name":"(anonymous_25)","line":409,"loc":{"start":{"line":409,"column":48},"end":{"line":409,"column":123}}},"26":{"name":"(anonymous_26)","line":425,"loc":{"start":{"line":425,"column":47},"end":{"line":425,"column":124}}},"27":{"name":"(anonymous_27)","line":440,"loc":{"start":{"line":440,"column":53},"end":{"line":440,"column":105}}},"28":{"name":"(anonymous_28)","line":452,"loc":{"start":{"line":452,"column":45},"end":{"line":452,"column":62}}},"29":{"name":"(anonymous_29)","line":459,"loc":{"start":{"line":459,"column":52},"end":{"line":459,"column":79}}},"30":{"name":"(anonymous_30)","line":467,"loc":{"start":{"line":467,"column":46},"end":{"line":467,"column":75}}},"31":{"name":"(anonymous_31)","line":477,"loc":{"start":{"line":477,"column":37},"end":{"line":477,"column":49}}},"32":{"name":"(anonymous_32)","line":484,"loc":{"start":{"line":484,"column":38},"end":{"line":484,"column":58}}},"33":{"name":"(anonymous_33)","line":492,"loc":{"start":{"line":492,"column":55},"end":{"line":492,"column":97}}},"34":{"name":"(anonymous_34)","line":506,"loc":{"start":{"line":506,"column":55},"end":{"line":506,"column":97}}},"35":{"name":"(anonymous_35)","line":523,"loc":{"start":{"line":523,"column":33},"end":{"line":523,"column":55}}},"36":{"name":"(anonymous_36)","line":530,"loc":{"start":{"line":530,"column":33},"end":{"line":530,"column":45}}},"37":{"name":"(anonymous_37)","line":556,"loc":{"start":{"line":556,"column":48},"end":{"line":556,"column":60}}},"38":{"name":"(anonymous_38)","line":577,"loc":{"start":{"line":577,"column":41},"end":{"line":577,"column":63}}},"39":{"name":"(anonymous_39)","line":590,"loc":{"start":{"line":590,"column":34},"end":{"line":590,"column":46}}},"40":{"name":"(anonymous_40)","line":594,"loc":{"start":{"line":594,"column":33},"end":{"line":594,"column":45}}},"41":{"name":"(anonymous_41)","line":598,"loc":{"start":{"line":598,"column":37},"end":{"line":598,"column":49}}},"42":{"name":"(anonymous_42)","line":602,"loc":{"start":{"line":602,"column":34},"end":{"line":602,"column":56}}},"43":{"name":"(anonymous_43)","line":609,"loc":{"start":{"line":609,"column":40},"end":{"line":609,"column":59}}},"44":{"name":"(anonymous_44)","line":617,"loc":{"start":{"line":617,"column":52},"end":{"line":617,"column":81}}},"45":{"name":"(anonymous_45)","line":624,"loc":{"start":{"line":624,"column":45},"end":{"line":624,"column":75}}},"46":{"name":"(anonymous_46)","line":634,"loc":{"start":{"line":634,"column":39},"end":{"line":634,"column":72}}},"47":{"name":"(anonymous_47)","line":642,"loc":{"start":{"line":642,"column":38},"end":{"line":642,"column":77}}},"48":{"name":"(anonymous_48)","line":652,"loc":{"start":{"line":652,"column":40},"end":{"line":652,"column":99}}},"49":{"name":"(anonymous_49)","line":662,"loc":{"start":{"line":662,"column":42},"end":{"line":662,"column":54}}},"50":{"name":"(anonymous_50)","line":669,"loc":{"start":{"line":669,"column":51},"end":{"line":669,"column":80}}},"51":{"name":"(anonymous_51)","line":676,"loc":{"start":{"line":676,"column":45},"end":{"line":676,"column":70}}},"52":{"name":"(anonymous_52)","line":686,"loc":{"start":{"line":686,"column":51},"end":{"line":686,"column":76}}},"53":{"name":"(anonymous_53)","line":696,"loc":{"start":{"line":696,"column":46},"end":{"line":696,"column":98}}},"54":{"name":"(anonymous_54)","line":710,"loc":{"start":{"line":710,"column":43},"end":{"line":710,"column":55}}},"55":{"name":"(anonymous_55)","line":717,"loc":{"start":{"line":717,"column":39},"end":{"line":717,"column":51}}},"56":{"name":"(anonymous_56)","line":727,"loc":{"start":{"line":727,"column":32},"end":{"line":727,"column":44}}},"57":{"name":"(anonymous_57)","line":731,"loc":{"start":{"line":731,"column":32},"end":{"line":731,"column":54}}},"58":{"name":"(anonymous_58)","line":738,"loc":{"start":{"line":738,"column":41},"end":{"line":738,"column":63}}},"59":{"name":"(anonymous_59)","line":745,"loc":{"start":{"line":745,"column":43},"end":{"line":745,"column":71}}},"60":{"name":"(anonymous_60)","line":752,"loc":{"start":{"line":752,"column":36},"end":{"line":752,"column":75}}},"61":{"name":"(anonymous_61)","line":763,"loc":{"start":{"line":763,"column":36},"end":{"line":763,"column":48}}},"62":{"name":"(anonymous_62)","line":767,"loc":{"start":{"line":767,"column":36},"end":{"line":767,"column":58}}},"63":{"name":"(anonymous_63)","line":771,"loc":{"start":{"line":771,"column":45},"end":{"line":771,"column":67}}},"64":{"name":"(anonymous_64)","line":775,"loc":{"start":{"line":775,"column":38},"end":{"line":775,"column":66}}},"65":{"name":"(anonymous_65)","line":782,"loc":{"start":{"line":782,"column":40},"end":{"line":782,"column":79}}},"66":{"name":"(anonymous_66)","line":793,"loc":{"start":{"line":793,"column":33},"end":{"line":793,"column":45}}},"67":{"name":"(anonymous_67)","line":797,"loc":{"start":{"line":797,"column":33},"end":{"line":797,"column":55}}},"68":{"name":"(anonymous_68)","line":804,"loc":{"start":{"line":804,"column":36},"end":{"line":804,"column":53}}},"69":{"name":"(anonymous_69)","line":811,"loc":{"start":{"line":811,"column":42},"end":{"line":811,"column":72}}},"70":{"name":"(anonymous_70)","line":819,"loc":{"start":{"line":819,"column":32},"end":{"line":819,"column":56}}},"71":{"name":"(anonymous_71)","line":836,"loc":{"start":{"line":836,"column":39},"end":{"line":836,"column":51}}},"72":{"name":"(anonymous_72)","line":840,"loc":{"start":{"line":840,"column":39},"end":{"line":840,"column":61}}},"73":{"name":"(anonymous_73)","line":847,"loc":{"start":{"line":847,"column":47},"end":{"line":847,"column":59}}},"74":{"name":"(anonymous_74)","line":861,"loc":{"start":{"line":861,"column":33},"end":{"line":861,"column":45}}},"75":{"name":"(anonymous_75)","line":865,"loc":{"start":{"line":865,"column":33},"end":{"line":865,"column":55}}},"76":{"name":"(anonymous_76)","line":872,"loc":{"start":{"line":872,"column":41},"end":{"line":872,"column":53}}},"77":{"name":"(anonymous_77)","line":882,"loc":{"start":{"line":882,"column":41},"end":{"line":882,"column":79}}},"78":{"name":"(anonymous_78)","line":893,"loc":{"start":{"line":893,"column":32},"end":{"line":893,"column":44}}},"79":{"name":"(anonymous_79)","line":897,"loc":{"start":{"line":897,"column":32},"end":{"line":897,"column":44}}},"80":{"name":"(anonymous_80)","line":901,"loc":{"start":{"line":901,"column":40},"end":{"line":901,"column":52}}},"81":{"name":"(anonymous_81)","line":911,"loc":{"start":{"line":911,"column":41},"end":{"line":911,"column":63}}},"82":{"name":"(anonymous_82)","line":921,"loc":{"start":{"line":921,"column":35},"end":{"line":921,"column":57}}},"83":{"name":"(anonymous_83)","line":950,"loc":{"start":{"line":950,"column":50},"end":{"line":950,"column":62}}},"84":{"name":"(anonymous_84)","line":970,"loc":{"start":{"line":970,"column":43},"end":{"line":970,"column":65}}},"85":{"name":"(anonymous_85)","line":981,"loc":{"start":{"line":981,"column":38},"end":{"line":981,"column":61}}},"86":{"name":"(anonymous_86)","line":991,"loc":{"start":{"line":991,"column":34},"end":{"line":991,"column":46}}},"87":{"name":"(anonymous_87)","line":995,"loc":{"start":{"line":995,"column":33},"end":{"line":995,"column":45}}},"88":{"name":"(anonymous_88)","line":999,"loc":{"start":{"line":999,"column":34},"end":{"line":999,"column":56}}},"89":{"name":"(anonymous_89)","line":1006,"loc":{"start":{"line":1006,"column":39},"end":{"line":1006,"column":69}}},"90":{"name":"(anonymous_90)","line":1014,"loc":{"start":{"line":1014,"column":32},"end":{"line":1014,"column":81}}},"91":{"name":"(anonymous_91)","line":1026,"loc":{"start":{"line":1026,"column":39},"end":{"line":1026,"column":55}}},"92":{"name":"(anonymous_92)","line":1033,"loc":{"start":{"line":1033,"column":49},"end":{"line":1033,"column":61}}},"93":{"name":"(anonymous_93)","line":1040,"loc":{"start":{"line":1040,"column":34},"end":{"line":1040,"column":46}}},"94":{"name":"(anonymous_94)","line":1044,"loc":{"start":{"line":1044,"column":34},"end":{"line":1044,"column":56}}}},"statementMap":{"1":{"start":{"line":29,"column":0},"end":{"line":29,"column":47}},"2":{"start":{"line":31,"column":0},"end":{"line":31,"column":18}},"3":{"start":{"line":32,"column":0},"end":{"line":32,"column":16}},"4":{"start":{"line":33,"column":0},"end":{"line":33,"column":38}},"5":{"start":{"line":34,"column":0},"end":{"line":34,"column":34}},"6":{"start":{"line":35,"column":0},"end":{"line":35,"column":36}},"7":{"start":{"line":36,"column":0},"end":{"line":36,"column":46}},"8":{"start":{"line":37,"column":0},"end":{"line":37,"column":32}},"9":{"start":{"line":38,"column":0},"end":{"line":38,"column":34}},"10":{"start":{"line":39,"column":0},"end":{"line":39,"column":32}},"11":{"start":{"line":40,"column":0},"end":{"line":40,"column":36}},"12":{"start":{"line":41,"column":0},"end":{"line":41,"column":40}},"13":{"start":{"line":42,"column":0},"end":{"line":42,"column":40}},"14":{"start":{"line":43,"column":0},"end":{"line":43,"column":36}},"15":{"start":{"line":44,"column":0},"end":{"line":44,"column":34}},"16":{"start":{"line":45,"column":0},"end":{"line":45,"column":52}},"17":{"start":{"line":80,"column":0},"end":{"line":82,"column":3}},"18":{"start":{"line":81,"column":2},"end":{"line":81,"column":19}},"19":{"start":{"line":91,"column":0},"end":{"line":94,"column":1}},"20":{"start":{"line":93,"column":2},"end":{"line":93,"column":69}},"21":{"start":{"line":96,"column":0},"end":{"line":98,"column":1}},"22":{"start":{"line":97,"column":2},"end":{"line":97,"column":66}},"23":{"start":{"line":100,"column":0},"end":{"line":100,"column":36}},"24":{"start":{"line":101,"column":0},"end":{"line":106,"column":1}},"25":{"start":{"line":102,"column":2},"end":{"line":104,"column":3}},"26":{"start":{"line":103,"column":4},"end":{"line":103,"column":51}},"27":{"start":{"line":105,"column":2},"end":{"line":105,"column":25}},"28":{"start":{"line":108,"column":0},"end":{"line":110,"column":1}},"29":{"start":{"line":109,"column":2},"end":{"line":109,"column":55}},"30":{"start":{"line":112,"column":0},"end":{"line":114,"column":1}},"31":{"start":{"line":113,"column":2},"end":{"line":113,"column":52}},"32":{"start":{"line":116,"column":0},"end":{"line":116,"column":38}},"33":{"start":{"line":117,"column":0},"end":{"line":135,"column":1}},"34":{"start":{"line":118,"column":2},"end":{"line":130,"column":3}},"35":{"start":{"line":122,"column":4},"end":{"line":129,"column":85}},"36":{"start":{"line":132,"column":2},"end":{"line":132,"column":45}},"37":{"start":{"line":134,"column":2},"end":{"line":134,"column":13}},"38":{"start":{"line":137,"column":0},"end":{"line":137,"column":38}},"39":{"start":{"line":138,"column":0},"end":{"line":144,"column":1}},"40":{"start":{"line":139,"column":2},"end":{"line":142,"column":3}},"41":{"start":{"line":141,"column":4},"end":{"line":141,"column":90}},"42":{"start":{"line":143,"column":2},"end":{"line":143,"column":42}},"43":{"start":{"line":146,"column":0},"end":{"line":146,"column":32}},"44":{"start":{"line":147,"column":0},"end":{"line":149,"column":1}},"45":{"start":{"line":148,"column":2},"end":{"line":148,"column":29}},"46":{"start":{"line":154,"column":0},"end":{"line":156,"column":1}},"47":{"start":{"line":155,"column":2},"end":{"line":155,"column":25}},"48":{"start":{"line":158,"column":0},"end":{"line":163,"column":1}},"49":{"start":{"line":159,"column":2},"end":{"line":161,"column":3}},"50":{"start":{"line":160,"column":4},"end":{"line":160,"column":81}},"51":{"start":{"line":162,"column":2},"end":{"line":162,"column":35}},"52":{"start":{"line":165,"column":0},"end":{"line":175,"column":1}},"53":{"start":{"line":166,"column":2},"end":{"line":173,"column":3}},"54":{"start":{"line":172,"column":4},"end":{"line":172,"column":198}},"55":{"start":{"line":174,"column":2},"end":{"line":174,"column":98}},"56":{"start":{"line":177,"column":0},"end":{"line":185,"column":1}},"57":{"start":{"line":178,"column":2},"end":{"line":183,"column":3}},"58":{"start":{"line":182,"column":4},"end":{"line":182,"column":129}},"59":{"start":{"line":184,"column":2},"end":{"line":184,"column":54}},"60":{"start":{"line":187,"column":0},"end":{"line":200,"column":1}},"61":{"start":{"line":188,"column":4},"end":{"line":198,"column":5}},"62":{"start":{"line":196,"column":8},"end":{"line":197,"column":106}},"63":{"start":{"line":199,"column":4},"end":{"line":199,"column":105}},"64":{"start":{"line":202,"column":0},"end":{"line":216,"column":1}},"65":{"start":{"line":204,"column":2},"end":{"line":214,"column":5}},"66":{"start":{"line":212,"column":6},"end":{"line":213,"column":95}},"67":{"start":{"line":215,"column":4},"end":{"line":215,"column":94}},"68":{"start":{"line":218,"column":0},"end":{"line":235,"column":1}},"69":{"start":{"line":221,"column":2},"end":{"line":231,"column":3}},"70":{"start":{"line":228,"column":4},"end":{"line":230,"column":54}},"71":{"start":{"line":232,"column":2},"end":{"line":234,"column":52}},"72":{"start":{"line":237,"column":0},"end":{"line":264,"column":1}},"73":{"start":{"line":243,"column":4},"end":{"line":257,"column":5}},"74":{"start":{"line":252,"column":8},"end":{"line":256,"column":58}},"75":{"start":{"line":258,"column":4},"end":{"line":263,"column":27}},"76":{"start":{"line":266,"column":0},"end":{"line":293,"column":1}},"77":{"start":{"line":272,"column":4},"end":{"line":286,"column":5}},"78":{"start":{"line":281,"column":8},"end":{"line":285,"column":58}},"79":{"start":{"line":287,"column":4},"end":{"line":292,"column":27}},"80":{"start":{"line":295,"column":0},"end":{"line":319,"column":1}},"81":{"start":{"line":300,"column":2},"end":{"line":313,"column":3}},"82":{"start":{"line":308,"column":4},"end":{"line":312,"column":54}},"83":{"start":{"line":314,"column":2},"end":{"line":318,"column":25}},"84":{"start":{"line":321,"column":0},"end":{"line":336,"column":1}},"85":{"start":{"line":323,"column":2},"end":{"line":334,"column":3}},"86":{"start":{"line":332,"column":4},"end":{"line":333,"column":114}},"87":{"start":{"line":335,"column":2},"end":{"line":335,"column":107}},"88":{"start":{"line":338,"column":0},"end":{"line":354,"column":1}},"89":{"start":{"line":340,"column":2},"end":{"line":352,"column":3}},"90":{"start":{"line":349,"column":4},"end":{"line":351,"column":89}},"91":{"start":{"line":353,"column":2},"end":{"line":353,"column":105}},"92":{"start":{"line":356,"column":0},"end":{"line":372,"column":1}},"93":{"start":{"line":358,"column":2},"end":{"line":370,"column":3}},"94":{"start":{"line":367,"column":4},"end":{"line":369,"column":54}},"95":{"start":{"line":371,"column":2},"end":{"line":371,"column":105}},"96":{"start":{"line":374,"column":0},"end":{"line":390,"column":1}},"97":{"start":{"line":376,"column":2},"end":{"line":388,"column":3}},"98":{"start":{"line":385,"column":4},"end":{"line":387,"column":54}},"99":{"start":{"line":389,"column":2},"end":{"line":389,"column":114}},"100":{"start":{"line":392,"column":0},"end":{"line":407,"column":1}},"101":{"start":{"line":394,"column":2},"end":{"line":405,"column":3}},"102":{"start":{"line":403,"column":4},"end":{"line":404,"column":107}},"103":{"start":{"line":406,"column":2},"end":{"line":406,"column":114}},"104":{"start":{"line":409,"column":0},"end":{"line":423,"column":1}},"105":{"start":{"line":410,"column":2},"end":{"line":420,"column":3}},"106":{"start":{"line":419,"column":4},"end":{"line":419,"column":197}},"107":{"start":{"line":422,"column":2},"end":{"line":422,"column":97}},"108":{"start":{"line":425,"column":0},"end":{"line":438,"column":1}},"109":{"start":{"line":426,"column":2},"end":{"line":436,"column":3}},"110":{"start":{"line":435,"column":4},"end":{"line":435,"column":204}},"111":{"start":{"line":437,"column":2},"end":{"line":437,"column":98}},"112":{"start":{"line":440,"column":0},"end":{"line":450,"column":1}},"113":{"start":{"line":441,"column":2},"end":{"line":448,"column":3}},"114":{"start":{"line":447,"column":4},"end":{"line":447,"column":172}},"115":{"start":{"line":449,"column":2},"end":{"line":449,"column":79}},"116":{"start":{"line":452,"column":0},"end":{"line":457,"column":1}},"117":{"start":{"line":453,"column":2},"end":{"line":455,"column":3}},"118":{"start":{"line":454,"column":4},"end":{"line":454,"column":86}},"119":{"start":{"line":456,"column":2},"end":{"line":456,"column":36}},"120":{"start":{"line":459,"column":0},"end":{"line":465,"column":1}},"121":{"start":{"line":460,"column":2},"end":{"line":463,"column":3}},"122":{"start":{"line":462,"column":4},"end":{"line":462,"column":105}},"123":{"start":{"line":464,"column":2},"end":{"line":464,"column":53}},"124":{"start":{"line":467,"column":0},"end":{"line":475,"column":1}},"125":{"start":{"line":468,"column":2},"end":{"line":473,"column":3}},"126":{"start":{"line":472,"column":4},"end":{"line":472,"column":112}},"127":{"start":{"line":474,"column":2},"end":{"line":474,"column":49}},"128":{"start":{"line":477,"column":0},"end":{"line":482,"column":1}},"129":{"start":{"line":478,"column":2},"end":{"line":480,"column":3}},"130":{"start":{"line":479,"column":4},"end":{"line":479,"column":62}},"131":{"start":{"line":481,"column":2},"end":{"line":481,"column":23}},"132":{"start":{"line":484,"column":0},"end":{"line":490,"column":1}},"133":{"start":{"line":485,"column":2},"end":{"line":488,"column":3}},"134":{"start":{"line":487,"column":4},"end":{"line":487,"column":80}},"135":{"start":{"line":489,"column":2},"end":{"line":489,"column":32}},"136":{"start":{"line":492,"column":0},"end":{"line":504,"column":1}},"137":{"start":{"line":493,"column":2},"end":{"line":495,"column":3}},"138":{"start":{"line":494,"column":4},"end":{"line":494,"column":60}},"139":{"start":{"line":496,"column":2},"end":{"line":502,"column":3}},"140":{"start":{"line":501,"column":4},"end":{"line":501,"column":155}},"141":{"start":{"line":503,"column":2},"end":{"line":503,"column":71}},"142":{"start":{"line":506,"column":0},"end":{"line":518,"column":1}},"143":{"start":{"line":507,"column":2},"end":{"line":509,"column":3}},"144":{"start":{"line":508,"column":4},"end":{"line":508,"column":60}},"145":{"start":{"line":510,"column":2},"end":{"line":516,"column":3}},"146":{"start":{"line":515,"column":4},"end":{"line":515,"column":155}},"147":{"start":{"line":517,"column":2},"end":{"line":517,"column":71}},"148":{"start":{"line":523,"column":0},"end":{"line":528,"column":1}},"149":{"start":{"line":524,"column":2},"end":{"line":526,"column":3}},"150":{"start":{"line":525,"column":4},"end":{"line":525,"column":75}},"151":{"start":{"line":527,"column":2},"end":{"line":527,"column":35}},"152":{"start":{"line":530,"column":0},"end":{"line":532,"column":1}},"153":{"start":{"line":531,"column":2},"end":{"line":531,"column":25}},"154":{"start":{"line":534,"column":0},"end":{"line":534,"column":39}},"155":{"start":{"line":535,"column":0},"end":{"line":554,"column":2}},"156":{"start":{"line":556,"column":0},"end":{"line":575,"column":1}},"157":{"start":{"line":557,"column":2},"end":{"line":557,"column":21}},"158":{"start":{"line":558,"column":2},"end":{"line":558,"column":62}},"159":{"start":{"line":561,"column":2},"end":{"line":572,"column":3}},"160":{"start":{"line":562,"column":4},"end":{"line":562,"column":34}},"161":{"start":{"line":563,"column":4},"end":{"line":571,"column":5}},"162":{"start":{"line":564,"column":6},"end":{"line":564,"column":45}},"163":{"start":{"line":565,"column":9},"end":{"line":571,"column":5}},"164":{"start":{"line":566,"column":6},"end":{"line":566,"column":39}},"165":{"start":{"line":567,"column":9},"end":{"line":571,"column":5}},"166":{"start":{"line":568,"column":6},"end":{"line":568,"column":39}},"167":{"start":{"line":569,"column":9},"end":{"line":571,"column":5}},"168":{"start":{"line":570,"column":6},"end":{"line":570,"column":32}},"169":{"start":{"line":574,"column":2},"end":{"line":574,"column":32}},"170":{"start":{"line":577,"column":0},"end":{"line":585,"column":1}},"171":{"start":{"line":578,"column":2},"end":{"line":580,"column":3}},"172":{"start":{"line":579,"column":4},"end":{"line":579,"column":87}},"173":{"start":{"line":581,"column":2},"end":{"line":581,"column":46}},"174":{"start":{"line":582,"column":2},"end":{"line":583,"column":74}},"175":{"start":{"line":583,"column":4},"end":{"line":583,"column":74}},"176":{"start":{"line":584,"column":2},"end":{"line":584,"column":13}},"177":{"start":{"line":590,"column":0},"end":{"line":592,"column":1}},"178":{"start":{"line":591,"column":2},"end":{"line":591,"column":25}},"179":{"start":{"line":594,"column":0},"end":{"line":596,"column":1}},"180":{"start":{"line":595,"column":2},"end":{"line":595,"column":24}},"181":{"start":{"line":598,"column":0},"end":{"line":600,"column":1}},"182":{"start":{"line":599,"column":2},"end":{"line":599,"column":28}},"183":{"start":{"line":602,"column":0},"end":{"line":607,"column":1}},"184":{"start":{"line":603,"column":2},"end":{"line":605,"column":3}},"185":{"start":{"line":604,"column":4},"end":{"line":604,"column":76}},"186":{"start":{"line":606,"column":2},"end":{"line":606,"column":35}},"187":{"start":{"line":609,"column":0},"end":{"line":614,"column":1}},"188":{"start":{"line"
[...]
":152,"column":27}},"66":{"start":{"line":153,"column":6},"end":{"line":153,"column":25}},"67":{"start":{"line":156,"column":4},"end":{"line":158,"column":5}},"68":{"start":{"line":157,"column":6},"end":{"line":157,"column":65}},"69":{"start":{"line":159,"column":4},"end":{"line":167,"column":5}},"70":{"start":{"line":160,"column":6},"end":{"line":160,"column":80}},"71":{"start":{"line":161,"column":11},"end":{"line":167,"column":5}},"72":{"start":{"line":162,"column":6},"end":{"line":162,"column":26}},"73":{"start":{"line":163,"column":11},"end":{"line":167,"column":5}},"74":{"start":{"line":164,"column":6},"end":{"line":164,"column":45}},"75":{"start":{"line":166,"column":6},"end":{"line":166,"column":29}},"76":{"start":{"line":169,"column":4},"end":{"line":169,"column":61}},"77":{"start":{"line":171,"column":4},"end":{"line":205,"column":5}},"78":{"start":{"line":172,"column":6},"end":{"line":172,"column":99}},"79":{"start":{"line":174,"column":6},"end":{"line":174,"column":98}},"80":{"start":{"line":176,"column":6},"end":{"line":176,"column":91}},"81":{"start":{"line":178,"column":6},"end":{"line":178,"column":91}},"82":{"start":{"line":180,"column":6},"end":{"line":180,"column":92}},"83":{"start":{"line":182,"column":6},"end":{"line":182,"column":106}},"84":{"start":{"line":184,"column":6},"end":{"line":184,"column":92}},"85":{"start":{"line":187,"column":6},"end":{"line":187,"column":28}},"86":{"start":{"line":188,"column":6},"end":{"line":188,"column":49}},"87":{"start":{"line":189,"column":6},"end":{"line":189,"column":76}},"88":{"start":{"line":190,"column":6},"end":{"line":190,"column":68}},"89":{"start":{"line":197,"column":6},"end":{"line":197,"column":22}},"90":{"start":{"line":198,"column":6},"end":{"line":198,"column":49}},"91":{"start":{"line":199,"column":6},"end":{"line":199,"column":94}},"92":{"start":{"line":200,"column":6},"end":{"line":200,"column":78}},"93":{"start":{"line":201,"column":6},"end":{"line":201,"column":59}},"94":{"start":{"line":202,"column":6},"end":{"line":202,"column":85}},"95":{"start":{"line":204,"column":6},"end":{"line":204,"column":23}},"96":{"start":{"line":208,"column":2},"end":{"line":208,"column":41}},"97":{"start":{"line":213,"column":0},"end":{"line":218,"column":1}},"98":{"start":{"line":215,"column":2},"end":{"line":215,"column":29}},"99":{"start":{"line":215,"column":21},"end":{"line":215,"column":29}},"100":{"start":{"line":216,"column":2},"end":{"line":217,"column":45}},"101":{"start":{"line":217,"column":4},"end":{"line":217,"column":45}},"102":{"start":{"line":222,"column":0},"end":{"line":226,"column":1}},"103":{"start":{"line":224,"column":2},"end":{"line":225,"column":48}},"104":{"start":{"line":225,"column":4},"end":{"line":225,"column":48}},"105":{"start":{"line":229,"column":0},"end":{"line":232,"column":1}},"106":{"start":{"line":231,"column":4},"end":{"line":231,"column":90}},"107":{"start":{"line":235,"column":0},"end":{"line":238,"column":1}},"108":{"start":{"line":237,"column":2},"end":{"line":237,"column":105}}},"branchMap":{"1":{"line":27,"type":"cond-expr","locations":[{"start":{"line":27,"column":33},"end":{"line":27,"column":34}},{"start":{"line":27,"column":37},"end":{"line":27,"column":38}}]},"2":{"line":28,"type":"cond-expr","locations":[{"start":{"line":28,"column":33},"end":{"line":28,"column":34}},{"start":{"line":28,"column":37},"end":{"line":28,"column":38}}]},"3":{"line":56,"type":"if","locations":[{"start":{"line":56,"column":4},"end":{"line":56,"column":4}},{"start":{"line":56,"column":4},"end":{"line":56,"column":4}}]},"4":{"line":59,"type":"cond-expr","locations":[{"start":{"line":59,"column":40},"end":{"line":59,"column":42}},{"start":{"line":59,"column":45},"end":{"line":59,"column":88}}]},"5":{"line":60,"type":"cond-expr","locations":[{"start":{"line":60,"column":25},"end":{"line":60,"column":38}},{"start":{"line":60,"column":41},"end":{"line":60,"column":54}}]},"6":{"line":67,"type":"if","locations":[{"start":{"line":67,"column":4},"end":{"line":67,"column":4}},{"start":{"line":67,"column":4},"end":{"line":67,"column":4}}]},"7":{"line":68,"type":"if","locations":[{"start":{"line":68,"column":6},"end":{"line":68,"column":6}},{"start":{"line":68,"column":6},"end":{"line":68,"column":6}}]},"8":{"line":68,"type":"binary-expr","locations":[{"start":{"line":68,"column":10},"end":{"line":68,"column":21}},{"start":{"line":68,"column":25},"end":{"line":68,"column":33}}]},"9":{"line":81,"type":"binary-expr","locations":[{"start":{"line":81,"column":13},"end":{"line":81,"column":19}},{"start":{"line":81,"column":23},"end":{"line":81,"column":29}},{"start":{"line":81,"column":33},"end":{"line":85,"column":11}},{"start":{"line":85,"column":15},"end":{"line":85,"column":17}}]},"10":{"line":86,"type":"binary-expr","locations":[{"start":{"line":86,"column":48},"end":{"line":86,"column":57}},{"start":{"line":86,"column":61},"end":{"line":86,"column":62}}]},"11":{"line":92,"type":"if","locations":[{"start":{"line":92,"column":4},"end":{"line":92,"column":4}},{"start":{"line":92,"column":4},"end":{"line":92,"column":4}}]},"12":{"line":105,"type":"if","locations":[{"start":{"line":105,"column":4},"end":{"line":105,"column":4}},{"start":{"line":105,"column":4},"end":{"line":105,"column":4}}]},"13":{"line":116,"type":"binary-expr","locations":[{"start":{"line":116,"column":20},"end":{"line":116,"column":25}},{"start":{"line":116,"column":29},"end":{"line":116,"column":39}}]},"14":{"line":117,"type":"switch","locations":[{"start":{"line":118,"column":6},"end":{"line":120,"column":14}},{"start":{"line":121,"column":6},"end":{"line":123,"column":14}},{"start":{"line":124,"column":6},"end":{"line":126,"column":14}},{"start":{"line":127,"column":6},"end":{"line":129,"column":14}},{"start":{"line":130,"column":6},"end":{"line":132,"column":14}},{"start":{"line":133,"column":6},"end":{"line":135,"column":14}}]},"15":{"line":141,"type":"if","locations":[{"start":{"line":141,"column":4},"end":{"line":141,"column":4}},{"start":{"line":141,"column":4},"end":{"line":141,"column":4}}]},"16":{"line":143,"type":"if","locations":[{"start":{"line":143,"column":11},"end":{"line":143,"column":11}},{"start":{"line":143,"column":11},"end":{"line":143,"column":11}}]},"17":{"line":145,"type":"if","locations":[{"start":{"line":145,"column":11},"end":{"line":145,"column":11}},{"start":{"line":145,"column":11},"end":{"line":145,"column":11}}]},"18":{"line":151,"type":"if","locations":[{"start":{"line":151,"column":4},"end":{"line":151,"column":4}},{"start":{"line":151,"column":4},"end":{"line":151,"column":4}}]},"19":{"line":156,"type":"if","locations":[{"start":{"line":156,"column":4},"end":{"line":156,"column":4}},{"start":{"line":156,"column":4},"end":{"line":156,"column":4}}]},"20":{"line":159,"type":"if","locations":[{"start":{"line":159,"column":4},"end":{"line":159,"column":4}},{"start":{"line":159,"column":4},"end":{"line":159,"column":4}}]},"21":{"line":160,"type":"cond-expr","locations":[{"start":{"line":160,"column":46},"end":{"line":160,"column":47}},{"start":{"line":160,"column":50},"end":{"line":160,"column":79}}]},"22":{"line":160,"type":"cond-expr","locations":[{"start":{"line":160,"column":66},"end":{"line":160,"column":67}},{"start":{"line":160,"column":70},"end":{"line":160,"column":79}}]},"23":{"line":161,"type":"if","locations":[{"start":{"line":161,"column":11},"end":{"line":161,"column":11}},{"start":{"line":161,"column":11},"end":{"line":161,"column":11}}]},"24":{"line":163,"type":"if","locations":[{"start":{"line":163,"column":11},"end":{"line":163,"column":11}},{"start":{"line":163,"column":11},"end":{"line":163,"column":11}}]},"25":{"line":169,"type":"cond-expr","locations":[{"start":{"line":169,"column":25},"end":{"line":169,"column":51}},{"start":{"line":169,"column":54},"end":{"line":169,"column":60}}]},"26":{"line":171,"type":"switch","locations":[{"start":{"line":171,"column":27},"end":{"line":172,"column":99}},{"start":{"line":173,"column":4},"end":{"line":174,"column":98}},{"start":{"line":175,"column":4},"end":{"line":176,"column":91}},{"start":{"line":177,"column":4},"end":{"line":178,"column":91}},{"start":{"line":179,"column":4},"end":{"line":180,"column":92}},{"start":{"line":181,"column":4},"end":{"line":182,"column":106}},{"start":{"line":183,"column":4},"end":{"line":184,"column":92}},{"start":{"line":185,"column":4},"end":{"line":185,"column":13}},{"start":{"line":186,"column":4},"end":{"line":190,"column":68}},{"start":{"line":191,"column":4},"end":{"line":191,"column":13}},{"start":{"line":192,"column":4},"end":{"line":192,"column":13}},{"start":{"line":193,"column":4},"end":{"line":193,"column":13}},{"start":{"line":194,"column":4},"end":{"line":194,"column":13}},{"start":{"line":195,"column":4},"end":{"line":195,"column":13}},{"start":{"line":196,"column":4},"end":{"line":202,"column":85}},{"start":{"line":203,"column":4},"end":{"line":204,"column":23}}]},"27":{"line":188,"type":"cond-expr","locations":[{"start":{"line":188,"column":28},"end":{"line":188,"column":31}},{"start":{"line":188,"column":34},"end":{"line":188,"column":48}}]},"28":{"line":198,"type":"cond-expr","locations":[{"start":{"line":198,"column":28},"end":{"line":198,"column":31}},{"start":{"line":198,"column":34},"end":{"line":198,"column":48}}]},"29":{"line":215,"type":"if","locations":[{"start":{"line":215,"column":2},"end":{"line":215,"column":2}},{"start":{"line":215,"column":2},"end":{"line":215,"column":2}}]},"30":{"line":231,"type":"cond-expr","locations":[{"start":{"line":231,"column":45},"end":{"line":231,"column":56}},{"start":{"line":231,"column":60},"end":{"line":231,"column":88}}]},"31":{"line":237,"type":"cond-expr","locations":[{"start":{"line":237,"column":37},"end":{"line":237,"column":67}},{"start":{"line":237,"column":70},"end":{"line":237,"column":104}}]}},"code":["// Copyright (c) 2011-2012, Motorola Mobility, Inc.","// All rights reserved.","//","// Redistribution and use in source and binary forms, with or without","// modification, are permitted provided that the following conditions are met:","//","//  * Redistributions of source code must retain the above copyright","//    notice, this list of conditions and the following disclaimer.","//  * Redistributions in binary form must reproduce the above copyright","//    notice, this list of conditions and the following disclaimer in the","//    documentation and/or other materials provided with the distribution.","//  * Neither the name of the Motorola Mobility, Inc. nor the names of its","//    contributors may be used to endorse or promote products derived from this","//    software without specific prior written permission.","//","//  THIS SOFTWARE IS PROVIDED BY THE COPYRIGHT HOLDERS AND CONTRIBUTORS \"AS IS\"","// AND ANY EXPRESS OR IMPLIED WARRANTIES, INCLUDING, BUT NOT LIMITED TO, THE","// IMPLIED WARRANTIES OF MERCHANTABILITY AND FITNESS FOR A PARTICULAR PURPOSE","// ARE DISCLAIMED. IN NO EVENT SHALL <COPYRIGHT HOLDER> BE LIABLE FOR ANY","// DIRECT, INDIRECT, INCIDENTAL, SPECIAL, EXEMPLARY, OR CONSEQUENTIAL DAMAGES","// (INCLUDING, BUT NOT LIMITED TO, PROCUREMENT OF SUBSTITUTE GOODS OR SERVICES;","// LOSS OF USE, DATA, OR PROFITS; OR BUSINESS INTERRUPTION) HOWEVER CAUSED AND","// ON ANY THEORY OF LIABILITY, WHETHER IN CONTRACT, STRICT LIABILITY, OR TORT","// (INCLUDING NEGLIGENCE OR OTHERWISE) ARISING IN ANY WAY OUT OF THE USE OF","// THIS SOFTWARE, EVEN IF ADVISED OF THE POSSIBILITY OF SUCH DAMAGE.","","function min(a,b) { return a<b ? a : b; }","function max(a,b) { return a>b ? a : b; }","exports.clamp=function clamp(a,b,c) { return min(max(a,b),c); }","exports.min=min;","exports.max=max;","","exports.sprintf=function () {","  // Return a formatted string  ","  // ","  // version: 1109.2015","  // discuss at: http://phpjs.org/functions/sprintf    // +   original by: Ash Searle (http://hexmen.com/blog/)","  // + namespaced by: Michael White (http://getsprink.com)","  // +    tweaked by: Jack","  // +   improved by: Kevin van Zonneveld (http://kevin.vanzonneveld.net)","  // +      input by: Paulo Freitas    // +   improved by: Kevin van Zonneveld (http://kevin.vanzonneveld.net)","  // +      input by: Brett Zamir (http://brett-zamir.me)","  // +   improved by: Kevin van Zonneveld (http://kevin.vanzonneveld.net)","  // *     example 1: sprintf(\"%01.2f\", 123.1);","  // *     returns 1: 123.10    // *     example 2: sprintf(\"[%10s]\", 'monkey');","  // *     returns 2: '[    monkey]'","  // *     example 3: sprintf(\"[%'#10s]\", 'monkey');","  // *     returns 3: '[####monkey]'","  var regex = /%%|%(\\d+\\$)?([-+\\'#0 ]*)(\\*\\d+\\$|\\*|\\d+)?(\\.(\\*\\d+\\$|\\*|\\d+))?([scboxXuidfegEG])/g;    ","  var a = arguments,","  i = 0,","  format = a[i++];","","  // pad()    ","  var pad = function (str, len, chr, leftJustify) {","    if (!chr) {","      chr = ' ';","    }","    var padding = (str.length >= len) ? '' : Array(1 + len - str.length >>> 0).join(chr);        ","    return leftJustify ? str + padding : padding + str;","  };","","","  //justify()","  var justify = function (value, prefix, leftJustify, minWidth, zeroPad, customPadChar) {        ","    var diff = minWidth - value.length;","    if (diff > 0) {","      if (leftJustify || !zeroPad) {","        value = pad(value, minWidth, customPadChar, leftJustify);","      } else {                ","        value = value.slice(0, prefix.length) + pad('', diff, '0', true) + value.slice(prefix.length);","      }","    }","    return value;","  };","","  //formatBaseX()","  var formatBaseX = function (value, base, prefix, leftJustify, minWidth, precision, zeroPad) {","    // Note: casts negative numbers to positive ones","    var number = value >>> 0;        ","    prefix = prefix && number && {","      '2': '0b',","      '8': '0',","      '16': '0x'","    }[base] || '';        ","    value = prefix + pad(number.toString(base), precision || 0, '0', false);","    return justify(value, prefix, leftJustify, minWidth, zeroPad);","  };","","  //formatString()    ","  var formatString = function (value, leftJustify, minWidth, precision, zeroPad, customPadChar) {","    if (precision != null) {","      value = value.slice(0, precision);","    }","    return justify(value, '', leftJustify, minWidth, zeroPad, customPadChar);    ","  };","","  //  doFormat()","  var doFormat = function (substring, valueIndex, flags, minWidth, _, precision, type) {","    var number;        ","    var prefix;","    var method;","    var textTransform;","    var value;","    if (substring == '%%') {","      return '%';","    }","","    // parse flags        ","    var leftJustify = false,","    positivePrefix = '',","    zeroPad = false,","    prefixBaseX = false,","    customPadChar = ' ';        ","    var flagsl = flags.length;","    for (var j = 0; flags && j < flagsl; j++) {","      switch (flags.charAt(j)) {","      case ' ':","        positivePrefix = ' ';                ","        break;","      case '+':","        positivePrefix = '+';","        break;","      case '-':                ","        leftJustify = true;","        break;","      case \"'\":","        customPadChar = flags.charAt(j + 1);","        break;            ","      case '0':","        zeroPad = true;","        break;","      case '#':","        prefixBaseX = true;                ","        break;","      }","    }","","    // parameters may be null, undefined, empty-string or real valued        ","    // we want to ignore null, undefined and empty-string values","    if (!minWidth) {","      minWidth = 0;","    } else if (minWidth == '*') {","      minWidth = +a[i++];        ","    } else if (minWidth.charAt(0) == '*') {","      minWidth = +a[minWidth.slice(1, -1)];","    } else {","      minWidth = +minWidth;","    } ","    // Note: undocumented perl feature:","    if (minWidth < 0) {","      minWidth = -minWidth;","      leftJustify = true;        ","    }","","    if (!isFinite(minWidth)) {","      throw new Error('sprintf: (minimum-)width must be finite');","    } ","    if (!precision) {","      precision = 'fFeE'.indexOf(type) > -1 ? 6 : (type == 'd') ? 0 : undefined;","    } else if (precision == '*') {","      precision = +a[i++];        ","    } else if (precision.charAt(0) == '*') {","      precision = +a[precision.slice(1, -1)];","    } else {","      precision = +precision;","    } ","    // grab value using valueIndex if required?","    value = valueIndex ? a[valueIndex.slice(0, -1)] : a[i++];","","    switch (type) {        case 's':","      return formatString(String(value), leftJustify, minWidth, precision, zeroPad, customPadChar);","    case 'c':","      return formatString(String.fromCharCode(+value), leftJustify, minWidth, precision, zeroPad);","    case 'b':            ","      return formatBaseX(value, 2, prefixBaseX, leftJustify, minWidth, precision, zeroPad);","    case 'o':","      return formatBaseX(value, 8, prefixBaseX, leftJustify, minWidth, precision, zeroPad);","    case 'x':","      return formatBaseX(value, 16, prefixBaseX, leftJustify, minWidth, precision, zeroPad);        ","    case 'X':","      return formatBaseX(value, 16, prefixBaseX, leftJustify, minWidth, precision, zeroPad).toUpperCase();","    case 'u':","      return formatBaseX(value, 10, prefixBaseX, leftJustify, minWidth, precision, zeroPad);","    case 'i':        ","    case 'd':","      number = (+value) | 0;","      prefix = number < 0 ? '-' : positivePrefix;","      value = prefix + pad(String(Math.abs(number)), precision, '0', false);","      return justify(value, prefix, leftJustify, minWidth, zeroPad);        ","    case 'e':","    case 'E':","    case 'f':","    case 'F':","    case 'g':        ","    case 'G':","      number = +value;","      prefix = number < 0 ? '-' : positivePrefix;","      method = ['toExponential', 'toFixed', 'toPrecision']['efg'.indexOf(type.toLowerCase())];","      textTransform = ['toString', 'toUpperCase']['eEfFgG'.indexOf(type) % 2];            ","      value = prefix + Math.abs(number)[method](precision);","      return justify(value, prefix, leftJustify, minWidth, zeroPad)[textTransform]();","    default:","      return substring;","    }    ","  };","","  return format.replace(regex, doFormat);","}","","//Helper function to init data arrays ","//*********************************************************************","exports.fillArray=function (array, max)","{","  if(max==undefined) max=100;","  for (var i = 0, l=array.length; i < l; ++i) ","    array[i] = Math.floor(Math.random()*max);","}","","//Helper function to print data arrays ","//*********************************************************************","exports.printArray=function (array)","{","  for (var i = 0, l=array.length; i < l; ++i) ","    console.log(sprintf(\"%d: %d\", i, array[i]));","}","","//Round Up Division function","exports.roundUp=function (group_size, global_size) ","{","    return (global_size % group_size == 0) ? global_size : (global_size + group_size - r);","}","","//Helper to get next up value for integer division","exports.DivUp= function (dividend, divisor)","{","  return (dividend % divisor == 0) ? Math.round(dividend / divisor) : Math.round(dividend / divisor) + 1;","}","",""],"l":{"27":1,"28":1,"29":1,"30":1,"31":1,"33":1,"49":0,"50":0,"55":0,"56":0,"57":0,"59":0,"60":0,"65":0,"66":0,"67":0,"68":0,"69":0,"71":0,"74":0,"78":0,"80":0,"81":0,"86":0,"87":0,"91":0,"92":0,"93":0,"95":0,"99":0,"100":0,"101":0,"102":0,"103":0,"104":0,"105":0,"106":0,"110":0,"115":0,"116":0,"117":0,"119":0,"120":0,"122":0,"123":0,"125":0,"126":0,"128":0,"129":0,"131":0,"132":0,"134":0,"135":0,"141":0,"142":0,"143":0,"144":0,"145":0,"146":0,"148":0,"151":0,"152":0,"153":0,"156":0,"157":0,"159":0,"160":0,"161":0,"162":0,"163":0,"164":0,"166":0,"169":0,"171":0,"172":0,"174":0,"176":0,"178":0,"180":0,"182":0,"184":0,"187":0,"188":0,"189":0,"190":0,"197":0,"198":0,"199":0,"200":0,"201":0,"202":0,"204":0,"208":0,"213":1,"215":0,"216":0,"217":0,"222":1,"224":0,"225":0,"229":1,"231":0,"235":1,"237":0}}}